Iteration	Posterior	Likelihood	Prior	rate_log_sd	rate_loss	tree_length
0	-3427.252	-3682.416	255.1638	0.9452078	2.372021	4.155181
6	-3432.764	-3686.976	254.2121	1.068481	4.383473	4.174847
12	-3427.051	-3684.196	257.1453	0.9318423	0.5810231	3.86668
18	-3433.263	-3692.862	259.5997	1.12652	0.1291736	2.908166
24	-3439.074	-3695.161	256.0877	1.12652	3.050603	3.335822
30	-3445.195	-3700.852	255.6574	1.080392	3.050603	3.61411
36	-3443.017	-3699.338	256.3205	0.9778047	0.6405289	4.262031
42	-3437.753	-3692.071	254.3186	1.117865	9.452892	3.43647
48	-3437.804	-3694.684	256.8805	1.105102	2.191599	3.12155
54	-3435.478	-3688.581	253.1024	0.9081699	6.465065	4.580716
60	-3439.526	-3693.442	253.9151	0.8690005	3.883195	4.547934
66	-3426.96	-3682.964	256.0039	0.8440318	0.2555267	4.913934
72	-3435.326	-3689.714	254.3879	0.9395319	1.367644	4.949225
78	-3446.057	-3699.983	253.9262	0.8815962	5.959054	4.197797
84	-3438.428	-3692.395	253.9668	0.8372802	2.416072	4.876469
90	-3438.695	-3694.343	255.6481	0.8771481	0.517082	4.800313
96	-3452.568	-3705.225	252.6575	0.8771481	6.842227	4.800313
102	-3452.53	-3705.88	253.3498	0.843378	6.842227	4.431019
108	-3449.265	-3704.77	255.5059	0.9982271	0.5687084	4.767113
114	-3447.2	-3701.136	253.9352	0.9595858	3.261138	4.614902
120	-3443.676	-3697.75	254.074	0.804744	3.261138	4.623856
126	-3442.571	-3696.524	253.9534	0.8917904	3.684476	4.552925
132	-3430.317	-3683.449	253.1321	0.8917904	7.067487	4.499255
138	-3433.421	-3685.438	252.0172	0.8828141	10.99472	4.746824
144	-3427.567	-3683.06	255.4929	0.7933496	0.845811	4.687303
150	-3427.639	-3681.961	254.322	0.7933496	2.470927	4.687303
156	-3431.876	-3687.432	255.5565	0.8400715	0.78466	4.665366
162	-3434.588	-3689.234	254.6461	0.7756686	1.977084	4.665366
168	-3435.92	-3691.454	255.5336	0.7756686	0.7263935	4.754342
174	-3440.887	-3695.813	254.9257	0.8108951	2.952646	4.21209
180	-3438.445	-3693.619	255.174	0.8053553	1.294688	4.618014
186	-3438.445	-3695.499	257.0542	0.9120815	0.319867	4.198997
192	-3443.042	-3699.344	256.3022	1.034904	0.876813	4.074469
198	-3433.911	-3689.029	255.1183	1.034904	3.423811	3.865393
204	-3453.44	-3708.98	255.5399	0.9100938	2.275413	3.989534
210	-3438.817	-3694.128	255.3107	1.061881	5.293953	3.393836
216	-3450.872	-3705.435	254.5633	1.117532	6.935408	3.568987
222	-3443.082	-3697.168	254.0855	1.021537	6.935408	3.900269
228	-3444.815	-3701.282	256.4668	0.8642394	0.8261951	4.110457
234	-3452.654	-3702.796	250.1423	0.8270194	34.32557	4.717634
240	-3443.672	-3697.279	253.6062	0.9270499	5.358776	4.439079
246	-3443.178	-3696.415	253.2364	0.829199	8.490049	4.319383
252	-3445.543	-3698.037	252.4936	0.897097	17.01655	4.062427
258	-3443.707	-3700.717	257.0099	0.9419148	0.5921372	3.929161
264	-3429.918	-3686.327	256.4095	1.022526	0.7533597	4.102392
270	-3429.263	-3682.972	253.709	0.8203837	4.291026	4.615122
276	-3428.391	-3684.42	256.0291	0.8210692	0.5208908	4.615122
282	-3442.541	-3693.076	250.5349	0.8466286	19.37982	5.065172
288	-3431.508	-3685.816	254.3075	0.8521429	2.19743	4.742032
294	-3445.785	-3702.092	256.3067	0.8116224	0.6995056	4.319054
300	-3447.96	-3702.277	254.317	0.8632742	2.509231	4.640374
306	-3440.524	-3694.311	253.7868	1.014545	7.81156	3.973249
312	-3441.988	-3697.569	255.5813	1.107581	3.52906	3.532687
318	-3438.117	-3692.36	254.243	1.088249	8.898119	3.552669
324	-3451.167	-3705.409	254.2413	1.096124	9.463076	3.493325
330	-3455.287	-3713.44	258.1536	1.096124	0.2150313	3.614469
336	-3455.874	-3714.043	258.1695	1.001936	0.2453754	3.611471
342	-3455.834	-3711.995	256.1612	0.9664361	1.658217	3.812454
348	-3445.139	-3700.947	255.8076	0.9269516	1.389937	4.148707
354	-3443.992	-3699.756	255.7636	0.9047549	1.715241	4.053665
360	-3439.349	-3696.314	256.965	0.9047549	0.4242775	4.133397
366	-3440.56	-3697.835	257.2758	0.8493612	0.3198643	4.108716
372	-3425.749	-3682.501	256.7518	0.9656532	0.7537166	3.939141
378	-3435.868	-3690.609	254.7414	0.9203495	1.432045	4.735026
384	-3441.494	-3694.745	253.2507	0.7678218	5.657905	4.684636
390	-3441.6	-3695.855	254.2542	0.8615862	5.657905	4.065101
396	-3431.096	-3684.751	253.6547	0.7971138	3.112709	4.895994
402	-3426.422	-3681.572	255.1493	0.8352396	0.7838655	4.895994
408	-3432.979	-3690.825	257.846	0.9698529	0.3569212	3.666488
414	-3432.46	-3688.036	255.5756	0.9698529	2.975636	3.74378
420	-3437.184	-3691.302	254.118	0.939954	8.577822	3.74378
426	-3442.969	-3700.197	257.2287	0.9294434	0.5822472	3.819054
432	-3437.8	-3693.397	255.597	0.9148954	2.13219	3.998638
438	-3440.07	-3697.466	257.3962	1.024433	0.4068019	3.837237
444	-3440.427	-3696.058	255.631	1.033577	2.966551	3.677173
450	-3451.791	-3708.065	256.2741	0.9718297	1.183236	3.954577
456	-3446.71	-3701.124	254.4141	1.037951	6.582335	3.746219
462	-3444.68	-3702.525	257.8455	1.107485	0.4163228	3.518701
468	-3456.038	-3711.315	255.2777	1.09978	2.79203	3.886799
474	-3457.145	-3710.018	252.8725	0.9967455	9.807442	4.303732
480	-3444.524	-3700.251	255.727	0.8450763	0.7168364	4.614025
486	-3444.226	-3698.634	254.408	0.8450763	2.090446	4.723007
492	-3425.149	-3679.467	254.3172	1.042944	9.658743	3.461407
498	-3423.171	-3681.043	257.8723	1.058609	0.3697087	3.584501
504	-3434.412	-3691.441	257.0294	1.017456	1.570626	3.313051
510	-3435.105	-3691.775	256.6704	1.114386	1.064128	3.707484
516	-3428.09	-3682.805	254.7144	1.183178	7.943373	3.323054
522	-3440.902	-3696.466	255.5636	1.080685	2.95366	3.692148
528	-3447.438	-3704.712	257.2743	1.080685	1.304099	3.250808
534	-3442.207	-3698.93	256.7224	1.047424	1.27726	3.606327
540	-3448.425	-3701.366	252.9404	1.047424	19.06612	3.606327
546	-3433.683	-3689.706	256.0224	0.98307	1.685246	3.87222
552	-3436.459	-3692.727	256.268	0.98307	2.281152	3.525641
558	-3436.922	-3689.693	252.7716	0.8908659	9.61269	4.438272
564	-3438.319	-3695.149	256.8299	0.9686658	1.127642	3.665179
570	-3431.061	-3688.15	257.0894	0.9686658	0.3788049	4.075991
576	-3440.326	-3693.066	252.7405	1.093072	27.90686	3.298977
582	-3428.968	-3686.416	257.4477	0.9971109	0.9986877	3.360285
588	-3428.21	-3682.324	254.1143	1.060292	9.611042	3.574052
594	-3417.546	-3674.967	257.4206	1.02233	0.8028325	3.485654
600	-3420.253	-3675.424	255.1705	1.086784	6.482751	3.289858
606	-3424.739	-3682.25	257.5104	1.086784	1.22552	3.146245
612	-3433.34	-3690.547	257.2071	1.064739	0.8359069	3.563012
618	-3439.93	-3696.7	256.7702	1.064739	1.288702	3.563012
624	-3440.229	-3698.723	258.494	1.048501	0.1649269	3.534074
630	-3452.877	-3707.328	254.4507	1.126238	7.486141	3.563012
636	-3448.528	-3706.302	257.7742	1.137202	1.943602	2.647183
642	-3439.71	-3694.413	254.7026	1.089564	4.415301	3.877079
648	-3443.168	-3701.429	258.2616	1.012062	0.3088161	3.461209
654	-3451.847	-3706.731	254.8842	0.882976	3.566097	4.055712
660	-3446.773	-3703.676	256.9028	1.054912	2.311704	3.099965
666	-3442.849	-3696.396	253.5466	1.045428	10.78228	3.805886
672	-3444.956	-3701.333	256.3767	1.137861	4.289521	2.888459
678	-3440.461	-3694.298	253.8377	1.103758	9.421742	3.727142
684	-3430.615	-3688.983	258.3675	1.097663	0.3051431	3.353922
690	-3435.754	-3693.187	257.4329	1.057138	0.8364329	3.435337
696	-3423.138	-3681.167	258.0292	1.067578	0.4157668	3.435337
702	-3427.104	-3681.772	254.6681	1.067578	7.790575	3.435337
708	-3430.094	-3686.652	256.5578	0.9192717	0.4357871	4.344026
714	-3430.06	-3684.373	254.3123	0.9188672	5.507212	4.021261
720	-3440.107	-3694.834	254.7266	1.006825	5.507212	3.732932
726	-3463.526	-3718.696	255.1696	0.9417122	5.40377	3.529463
732	-3456.582	-3714.842	258.2602	1.068424	0.4628596	3.248954
738	-3454.722	-3712.759	258.0372	1.062786	0.5403871	3.308272
744	-3451.354	-3707.043	255.6898	1.066867	1.919113	3.929445
750	-3447.457	-3700.075	252.6187	1.004817	13.71002	4.136742
756	-3441.37	-3696.16	254.7894	1.037483	5.649508	3.65781
762	-3425.722	-3682.468	256.7455	1.025054	0.5531402	4.066262
768	-3432.291	-3687.821	255.5297	1.009079	1.416267	4.248315
774	-3430.749	-3686.039	255.2904	0.9378074	2.966452	3.928437
780	-3421.048	-3676.727	255.6791	1.085815	2.955422	3.62182
786	-3417.528	-3673.882	256.3538	0.9827742	0.9712169	4.017607
792	-3426.197	-3681.866	255.6691	0.9678725	0.6426891	4.632917
798	-3442.829	-3698.006	255.1772	1.100666	0.9425999	4.633035
804	-3442.743	-3695.517	252.7748	0.8899686	6.98191	4.710833
810	-3436.262	-3691.685	255.423	0.8555218	0.8159065	4.710833
816	-3440.924	-3692.439	251.5153	0.8555218	15.77307	4.710833
822	-3450.134	-3706.936	256.8022	0.9266161	0.1073497	4.688739
828	-3445.828	-3699.642	253.8135	0.9348971	3.09114	4.735493
834	-3452.282	-3706.794	254.5113	0.9847709	4.145438	4.095508
840	-3454.688	-3704.027	249.3391	0.8881284	29.21117	5.296972
846	-3446.269	-3699.695	253.4265	0.8042573	2.755366	5.104751
852	-3456.956	-3710.875	253.9193	0.8598691	2.755366	4.799699
858	-3449.582	-3703.999	254.417	0.9157356	4.804494	4.073072
864	-3446.786	-3700.272	253.4853	0.9501094	7.705978	4.193458
870	-3443.331	-3697.753	254.4212	0.9871358	6.762528	3.748492
876	-3436.915	-3691.087	254.1725	1.063274	9.513729	3.547735
882	-3438.25	-3693.789	255.5397	1.035938	2.422419	3.874041
888	-3441.888	-3697.32	255.4329	1.142731	2.422419	3.874041
894	-3451.016	-3706.016	254.9993	1.111486	6.599493	3.360645
900	-3450.848	-3708.303	257.4548	1.111486	0.3648745	3.801075
906	-3436.861	-3691.792	254.9309	1.111486	4.812803	3.664142
912	-3434.28	-3692.154	257.8746	1.116454	0.5078705	3.402855
918	-3433.86	-3688.594	254.7344	0.9416579	5.585278	3.754425
924	-3440.137	-3691.468	251.3308	1.08509	27.55553	4.13202
930	-3433.436	-3690.164	256.7278	0.9281609	0.7500062	3.976939
936	-3434.067	-3688.216	254.1488	0.9540604	6.026409	4.020601
942	-3438.426	-3691.994	253.5688	0.875452	2.29855	5.110072
948	-3434.281	-3687.91	253.629	0.7908408	4.957006	4.564682
954	-3435.241	-3688.093	252.852	0.8136032	3.532894	5.240801
960	-3435.142	-3689.887	254.7451	0.8804151	0.8114432	5.077411
966	-3425.137	-3677.675	252.5376	0.8429829	4.648509	5.193562
972	-3428.782	-3685.029	256.2473	0.8812347	0.3418641	4.644207
978	-3430.324	-3686.341	256.017	1.02897	1.352757	3.987893
984	-3428.517	-3684.958	256.4415	1.007273	0.9136573	3.987893
990	-3439.805	-3695.746	255.9406	1.027116	3.000172	3.492718
996	-3426.384	-3682.236	255.8516	0.8798497	0.4976879	4.702799
1002	-3427.288	-3683.508	256.2207	0.8978515	0.61108	4.387178
1008	-3440.948	-3692.458	251.5098	0.8042677	14.67985	4.809988
1014	-3447.323	-3701.317	253.9939	1.006617	7.584111	3.884661
1020	-3449.599	-3705.39	255.7909	1.036306	1.931655	3.884661
1026	-3438.622	-3695.182	256.5601	0.9898479	1.698588	3.552385
1032	-3437.842	-3695.391	257.5485	0.9668368	0.4698853	3.716745
1038	-3433.389	-3690.263	256.8741	0.9209997	0.6990846	3.934327
1044	-3431.661	-3686.44	254.7794	0.9905056	4.171349	3.934327
1050	-3433.288	-3689.45	256.1615	1.020688	2.12305	3.615716
1056	-3437.438	-3696.318	258.8797	1.293669	0.4134045	2.796352
1062	-3431.111	-3689.609	258.4978	1.08557	0.2970417	3.295422
1068	-3429.362	-3682.558	253.1961	1.007192	6.119401	4.517498
1074	-3431.119	-3687.943	256.8236	0.9060152	0.1552859	4.587267
1080	-3448.959	-3702.17	253.2107	0.8057782	6.387978	4.587267
1086	-3441.028	-3695.549	254.5214	0.8057782	1.741031	4.800294
1092	-3437.086	-3690.785	253.6989	0.8915519	5.972298	4.319107
1098	-3429.863	-3683.696	253.8324	0.9092022	3.77262	4.59344
1104	-3433.102	-3683.273	250.1705	0.7171905	16.24574	5.505377
1110	-3433.646	-3685.069	251.4231	0.7171905	9.601916	5.287794
1116	-3442.332	-3696.214	253.8823	0.8577004	9.601916	3.826169
1122	-3446.415	-3700.332	253.9169	0.8365552	3.636361	4.614176
1128	-3435.789	-3690.838	255.0491	0.814567	1.834019	4.46621
1134	-3436.863	-3691.603	254.7398	0.892751	2.232132	4.46621
1140	-3440.944	-3695.769	254.8256	0.8749722	3.030833	4.213601
1146	-3449.109	-3700.716	251.6067	1.043953	37.02227	3.681386
1152	-3446.007	-3701.835	255.8278	0.960149	1.778239	3.961839
1158	-3428.885	-3682.844	253.9588	0.8972336	3.57146	4.569988
1164	-3444.488	-3698.41	253.9218	0.9917036	7.349179	3.961613
1170	-3456.761	-3708.618	251.8563	0.9073104	13.15356	4.660468
1176	-3446.933	-3699.962	253.0292	0.7963037	6.656138	4.660468
1182	-3448.196	-3701.86	253.6634	0.9279681	3.860241	4.660468
1188	-3433.722	-3687.942	254.2205	0.8798312	3.324833	4.485314
1194	-3429.964	-3684.001	254.0367	0.8895244	2.784265	4.710231
1200	-3433.801	-3688.942	255.1402	0.930064	3.463034	3.904398
1206	-3438.469	-3695.294	256.8244	1.001677	0.9778963	3.732643
1212	-3418.694	-3676.581	257.8866	1.110403	0.4641444	3.442576
1218	-3425.051	-3681.746	256.6953	1.105323	1.606992	3.442576
1224	-3427.926	-3685.119	257.1935	1.105323	0.5754108	3.743928
1230	-3430.628	-3686.463	255.8349	1.028462	3.366635	3.466915
1236	-3434.878	-3690.593	255.7146	1.073816	1.916603	3.912111
1242	-3435.007	-3691.37	256.3628	1.02381	1.408623	3.767223
1248	-3445.372	-3697.613	252.2415	0.9510975	7.858909	4.875301
1254	-3438.862	-3693.547	254.6849	1.041662	7.858909	3.432932
1260	-3470.589	-3720.164	249.5748	1.034649	97.42	3.72939
1266	-3471.873	-3725.229	253.3554	0.9679389	9.442185	4.079693
1272	-3440.587	-3695.369	254.7816	1.158612	5.941883	3.549879
1278	-3443.496	-3698.76	255.2639	0.9740065	2.843602	3.953564
1284	-3438.773	-3692.701	253.9278	0.8104089	3.443	4.663035
1290	-3434.182	-3690.279	256.0962	0.956018	1.191852	4.060943
1296	-3432.903	-3689.153	256.2506	0.9204156	1.445036	3.875254
1302	-3439.384	-3692.994	253.6103	1.015991	13.77211	3.555952
1308	-3435.665	-3688.127	252.4618	1.07514	23.32721	3.661661
1314	-3440.962	-3699.673	258.7111	1.062513	0.3035448	3.173987
1320	-3437.796	-3694.268	256.472	0.8562012	0.24678	4.658535
1326	-3438.368	-3692.966	254.5981	0.8959305	3.434934	4.238957
1332	-3440.295	-3695.378	255.0833	0.9354237	1.735084	4.414563
1338	-3435.46	-3691.7	256.24	0.9476183	1.080079	4.041608
1344	-3430.495	-3685.339	254.8437	0.9892261	3.674482	3.995577
1350	-3428.587	-3685.924	257.3364	1.001162	0.7765498	3.565286
1356	-3429.35	-3686.494	257.1441	1.010273	0.6330904	3.779092
1362	-3439.218	-3696.391	257.1725	1.010273	0.6130085	3.779092
1368	-3438.554	-3696.11	257.5554	1.117626	1.034841	3.204576
1374	-3435.652	-3689.863	254.2116	0.9778228	3.256458	4.450317
1380	-3439.298	-3694.194	254.8957	1.017495	2.738013	4.165846
1386	-3442.645	-3697.228	254.5832	0.9803611	1.989588	4.58172
1392	-3438.107	-3691.695	253.5884	0.9298986	7.43677	4.17679
1398	-3440.444	-3694.967	254.5228	0.9298986	3.545573	4.23883
1404	-3450.583	-3705.899	255.3163	1.12004	5.362402	3.345683
1410	-3428.099	-3686.4	258.3013	1.165983	1.115728	2.679691
1416	-3427.147	-3685.497	258.3501	1.086612	0.3295692	3.338384
1422	-3427.537	-3682.904	255.3668	1.081064	6.094915	3.230503
1428	-3436.422	-3690.949	254.527	1.129793	10.30873	3.226635
1434	-3429.58	-3685.394	255.8135	1.129793	2.753346	3.570136
1440	-3432.21	-3688.384	256.1736	1.003992	2.682484	3.452535
1446	-3430.465	-3685.767	255.3019	1.092443	3.618423	3.684493
1452	-3437.14	-3694.295	257.1549	1.160993	0.9411518	3.470244
1458	-3435.076	-3689.224	254.1482	0.9422676	10.12731	3.575122
1464	-3432.692	-3687.782	255.0902	0.9422676	2.522986	4.155754
1470	-3426.503	-3683.688	257.1846	1.079845	0.6357053	3.713442
1476	-3428.989	-3686.557	257.5674	0.9873476	0.357518	3.816457
1482	-3431.031	-3687.438	256.4078	0.9400857	0.8728519	4.070849
1488	-3440.834	-3694.029	253.1952	0.8949573	10.58699	4.109834
1494	-3450.878	-3704.067	253.1898	0.8925688	8.18547	4.341481
1500	-3451.359	-3704.466	253.1073	0.8925688	8.638409	4.341481
1506	-3448.873	-3704.809	255.9356	0.8925688	0.9121619	4.341481
1512	-3453.159	-3706.138	252.9786	0.8925688	9.386921	4.341481
1518	-3448.743	-3703.722	254.9791	0.8601662	2.021162	4.416235
1524	-3435.663	-3691.323	255.6607	1.003381	3.340414	3.588926
1530	-3439.982	-3696.274	256.2919	1.081349	0.9867277	3.987656
1536	-3445.109	-3698.092	252.9838	0.9848154	11.82959	4.077668
1542	-3447.735	-3701.273	253.5381	0.9848154	10.77865	3.845983
1548	-3436.236	-3689.608	253.3719	0.8714345	4.534082	4.733004
1554	-3439.859	-3693.995	254.1362	0.8833615	2.499438	4.733004
1560	-3438.02	-3693.64	255.6198	0.9855885	1.142528	4.339437
1566	-3440.274	-3695.19	254.9157	0.9635807	1.454243	4.60379
1572	-3434.258	-3687.259	253.0014	0.9096977	7.310323	4.534305
1578	-3442.059	-3695.076	253.0178	0.8932919	7.310323	4.534305
1584	-3452.945	-3707.695	254.7501	0.9171806	3.356728	4.157704
1590	-3447.724	-3703.296	255.5714	1.016048	2.104531	3.964306
1596	-3457.78	-3711.117	253.3374	0.9709231	11.19954	3.933964
1602	-3441.39	-3693.448	252.0586	0.9215177	24.44542	3.933964
1608	-3433.912	-3688.632	254.7196	0.8991356	2.331181	4.44453
1614	-3440.799	-3693.033	252.2344	0.9425077	13.3652	4.413452
1620	-3434.608	-3687.34	252.7317	0.9556895	18.93732	3.786867
1626	-3434.313	-3684.363	250.0499	0.9556895	40.58884	4.518263
1632	-3447.718	-3702.395	254.6776	0.9556895	4.597938	3.936177
1638	-3450.417	-3703.48	253.0633	0.9760939	9.120909	4.271574
1644	-3438.727	-3690.851	252.1244	0.8659404	9.120909	4.8607
1650	-3437.687	-3690.094	252.4062	0.8208014	7.801651	4.862314
1656	-3441.73	-3693.144	251.4139	0.8622272	14.19635	4.862314
1662	-3436.194	-3690.505	254.3109	0.927361	4.214915	4.229222
1668	-3443.417	-3696.315	252.8985	0.9851096	10.90523	4.200359
1674	-3433.642	-3688.308	254.6655	0.8534104	2.707868	4.39689
1680	-3438.108	-3691.381	253.2739	0.9863671	8.627359	4.195146
1686	-3447.9	-3705.925	258.025	0.9515761	0.1270427	3.938716
1692	-3436.389	-3692.941	256.5523	1.117382	1.873369	3.417057
1698	-3432.729	-3687.668	254.9397	0.9044619	1.035689	4.823007
1704	-3432.09	-3687.561	255.4713	0.8867418	1.361574	4.374613
1710	-3430.07	-3685.178	255.1078	0.9270359	1.82019	4.374613
1716	-3437.082	-3688.24	251.1579	0.8509829	17.02291	4.84065
1722	-3442.012	-3695.064	253.052	0.8805374	2.674228	5.290361
1728	-3449.149	-3702.068	252.9184	0.9203985	9.661716	4.334234
1734	-3432.595	-3687.498	254.9027	0.8707592	1.482391	4.651327
1740	-3441.323	-3696.231	254.9082	0.8479074	1.303642	4.738869
1746	-3438.124	-3692.362	254.238	0.7763845	2.300841	4.792263
1752	-3431.653	-3684.422	252.7692	0.8236282	6.574079	4.800765
1758	-3440.2	-3693.955	253.7552	0.7275492	0.7110808	5.774556
1764	-3431.312	-3687.242	255.9308	0.9175812	2.198178	3.784719
1770	-3446.847	-3704.026	257.1787	1.162858	1.982695	2.979599
1776	-3453.446	-3705.753	252.3073	0.9593328	11.45023	4.504759
1782	-3448.26	-3701.311	253.0505	0.9623622	11.45023	4.08241
1788	-3441.368	-3698.315	256.9464	1.012934	0.4672767	4.038514
1794	-3446.249	-3700.965	254.7157	1.040257	4.422674	3.896556
1800	-3444.07	-3696.971	252.901	0.9540859	12.33646	4.103561
1806	-3447.354	-3699.045	251.6909	0.8282892	9.044969	5.129712
1812	-3445.146	-3700.881	255.7351	1.006651	2.189612	3.84876
1818	-3437.745	-3692.431	254.6866	1.066477	4.962417	3.806465
1824	-3429.365	-3684.312	254.9468	1.005495	6.905143	3.414341
1830	-3439.1	-3690.32	251.2207	1.024451	49.80962	3.582729
1836	-3435.781	-3691.434	255.6537	1.024451	3.331742	3.582729
1842	-3433.873	-3687.718	253.8442	0.9353846	8.409418	3.921391
1848	-3431.016	-3684.864	253.8479	0.8709841	5.111478	4.372093
1854	-3438.869	-3693.855	254.9854	0.8810611	2.553053	4.241713
1860	-3434.65	-3691.065	256.4151	0.8835245	0.6102232	4.28609
1866	-3430.327	-3684.283	253.9562	0.9086605	2.859716	4.725732
1872	-3432.031	-3689.13	257.0989	1.080572	0.7921025	3.646259
1878	-3429.125	-3684.247	255.1219	0.9438216	0.9421388	4.752009
1884	-3429.007	-3681.563	252.5565	0.7879444	3.401413	5.445416
1890	-3440.412	-3698.38	257.9674	1.093211	0.595532	3.282314
1896	-3430.641	-3685.583	254.9422	1.024868	3.009541	4.067167
1902	-3434.641	-3688.483	253.8419	0.9177029	8.204329	3.954419
1908	-3441.043	-3696.561	255.518	1.054183	2.44425	3.869735
1914	-3439.469	-3694.357	254.8878	0.8125618	1.181107	4.828076
1920	-3436.362	-3688.818	252.4567	0.8852716	6.647768	4.93143
1926	-3428.795	-3683.954	255.1595	0.8189742	0.8130777	4.880143
1932	-3431.588	-3684.635	253.0471	0.8710767	4.165619	4.978823
1938	-3438.697	-3691.8	253.1037	0.8144981	4.165619	4.978823
1944	-3439.793	-3692.837	253.044	0.9254775	14.49348	3.886384
1950	-3420.401	-3673.689	253.2875	0.9531256	10.58858	4.023867
1956	-3415.484	-3669.38	253.8959	0.9555856	7.949686	3.929319
1962	-3429.042	-3685.937	256.8947	0.9852238	0.944133	3.721638
1968	-3414.777	-3671.951	257.1741	1.041702	0.944133	3.526851
1974	-3420.662	-3675.806	255.1435	0.9226539	2.795766	4.063905
1980	-3430.979	-3686.033	255.0534	0.8183229	1.337506	4.658824
1986	-3433.541	-3685.057	251.5161	0.789257	8.366471	5.314408
1992	-3434.26	-3685.933	251.6731	0.8918985	13.74062	4.731303
1998	-3429.401	-3684.217	254.8159	1.088865	7.320567	3.391207
2004	-3433.698	-3687.373	253.6753	1.088865	13.86001	3.469446
2010	-3437.7	-3693.711	256.0107	1.088865	3.724003	3.250098
2016	-3433.395	-3689.333	255.9387	1.181795	5.002999	2.997647
2022	-3428.789	-3686.41	257.6202	1.305283	1.501669	2.817565
2028	-3425.81	-3680.805	254.9954	0.9634217	3.627259	3.933331
2034	-3424.24	-3678.569	254.33	1.037393	7.611228	3.67015
2040	-3429.829	-3683.88	254.0502	1.037393	7.191092	3.880532
2046	-3430.184	-3687.294	257.1101	0.9552253	0.7351778	3.75246
2052	-3434.545	-3686.504	251.9589	0.9388802	16.7809	4.355642
2058	-3446.098	-3702.771	256.6728	0.9836413	0.5288427	4.152866
2064	-3440.006	-3696.06	256.0539	0.9001985	1.198157	4.113651
2070	-3436.597	-3692.568	255.9709	1.060475	1.8855	3.78341
2076	-3439.525	-3693.651	254.1261	1.124021	6.71505	3.845585
2082	-3433.432	-3688.014	254.5819	1.041252	6.71505	3.630251
2088	-3438.663	-3693.111	254.4481	1.069094	5.543053	3.852152
2094	-3449.001	-3705.705	256.7033	1.069094	3.114701	2.988435
2100	-3436.95	-3691.239	254.2892	0.9991371	7.150195	3.76994
2106	-3438.785	-3693.444	254.6587	1.095193	7.150195	3.500028
2112	-3438.799	-3695.219	256.4198	0.9135092	1.555343	3.735201
2118	-3431.183	-3685.769	254.5854	0.8434579	2.398187	4.531999
2124	-3430.047	-3684.538	254.491	0.9768856	3.21376	4.302762
2130	-3435.474	-3690.584	255.1102	1.028283	1.857712	4.302762
2136	-3436.937	-3691.537	254.6003	0.9149665	1.857712	4.653563
2142	-3440.997	-3691.666	250.6682	0.8602733	23.11732	4.810389
2148	-3432.249	-3684.739	252.4902	0.9417768	8.852564	4.639762
2154	-3435.341	-3690.555	255.2144	0.7920259	1.216396	4.639762
2160	-3433.116	-3686.103	252.9867	0.9183723	13.64139	3.980904
2166	-3441.82	-3696.849	255.0286	0.8541929	1.650799	4.52286
2172	-3445.258	-3697.218	251.96	0.9099	15.04454	4.47551
2178	-3438.923	-3692.478	253.5551	0.9836396	4.721418	4.536063
2184	-3440.213	-3694.72	254.5065	0.8562694	1.901051	4.723927
2190	-3439.224	-3694.535	255.3117	0.7986901	1.109527	4.634964
2196	-3437.409	-3689.016	251.6071	0.7315891	7.195908	5.42168
2202	-3450.542	-3705.752	255.2097	0.675414	0.3581995	5.31629
2208	-3451.637	-3705.614	253.9776	0.7364081	1.906607	5.083259
2214	-3444.55	-3695.934	251.3841	0.9226718	17.06368	4.671927
2220	-3445.165	-3700.917	255.7515	1.059241	2.85824	3.619829
2226	-3443.389	-3699.043	255.6533	0.9546695	2.474477	3.840487
2232	-3440.303	-3695.457	255.1542	0.9456521	4.838609	3.626555
2238	-3439.357	-3694.238	254.8813	0.9764146	4.882035	3.75939
2244	-3422.384	-3676.247	253.863	1.028301	11.26356	3.592478
2250	-3421.021	-3674.463	253.4419	1.074583	10.90471	3.838995
2256	-3423.124	-3677.129	254.0045	1.074583	8.268046	3.764111
2262	-3426.106	-3681.186	255.0793	1.080891	5.498134	3.48661
2268	-3426.308	-3682.311	256.0023	1.243486	2.146182	3.571255
2274	-3437.682	-3692.61	254.9275	1.071907	6.969635	3.378636
2280	-3422.284	-3679.569	257.2858	1.028731	0.6811491	3.648705
2286	-3413.483	-3670.733	257.2496	1.082423	0.8025163	3.550507
2292	-3425.614	-3682.855	257.2417	0.9165812	0.1235544	4.411197
2298	-3422.123	-3676.327	254.2039	0.9165812	3.465254	4.443563
2304	-3415.911	-3672.45	256.5396	0.972843	1.252155	3.767403
2310	-3440.602	-3693.784	253.183	0.9245605	10.24822	4.129269
2316	-3439.091	-3692.058	252.9673	1.080067	14.11768	3.866743
2322	-3441.524	-3694.574	253.0502	1.080067	23.45685	3.309497
2328	-3445.693	-3698.928	253.2353	0.9931256	9.354779	4.141959
2334	-3444.056	-3699.125	255.0695	0.9928845	2.737781	4.081
2340	-3438.452	-3691.529	253.0769	0.9038484	9.754656	4.245436
2346	-3444.299	-3696.385	252.0862	0.8316722	12.67406	4.608096
2352	-3447.478	-3698.028	250.5495	0.7832734	14.33462	5.37617
2358	-3432.114	-3687.441	255.3261	0.9720262	1.579055	4.316735
2364	-3440.233	-3696.917	256.6836	0.9938762	0.8829346	3.875962
2370	-3442.566	-3699.194	256.6281	1.016321	0.8531719	3.913861
2376	-3434.164	-3689.893	255.7287	0.9541769	1.127843	4.303168
2382	-3438.501	-3692	253.4988	0.9541769	11.147	3.855289
2388	-3438.021	-3691.481	253.46	1.072069	7.400631	4.173114
2394	-3442.423	-3693.691	251.2688	1.126267	30.82939	4.02594
2400	-3437.752	-3690.026	252.2735	0.8468934	17.78867	4.172937
2406	-3433.358	-3688.343	254.9859	0.8653746	2.163385	4.364025
2412	-3430.41	-3685.041	254.6305	0.980745	3.779958	4.100594
2418	-3438.409	-3691.447	253.0379	0.8866271	6.608433	4.610909
2424	-3438.717	-3692.659	253.9415	0.7955736	5.141979	4.357043
2430	-3437.74	-3692.193	254.4528	0.9890859	2.192223	4.585549
2436	-3440.353	-3693.356	253.0027	0.8843024	7.437862	4.533272
2442	-3431.76	-3685.875	254.1156	1.040851	8.563208	3.688428
2448	-3424.457	-3679.545	255.0879	0.98075	2.383014	4.174932
2454	-3430.402	-3685.469	255.067	0.8518755	2.383014	4.259854
2460	-3427.611	-3684.145	256.5346	1.002882	0.8635365	3.968476
2466	-3434.656	-3691.182	256.5257	0.9439494	0.6465883	4.160092
2472	-3442.591	-3699.056	256.4655	0.9420368	0.6299593	4.208477
2478	-3432.451	-3688.906	256.4548	0.8432399	0.7115168	4.208477
2484	-3442.368	-3696.14	253.7724	0.8397944	4.36822	4.554977
2490	-3449.888	-3705.494	255.6058	0.9365493	0.8281455	4.554977
2496	-3450.477	-3705.076	254.5992	0.8268292	2.324023	4.554977
2502	-3439.893	-3696.473	256.5805	0.9942403	1.115634	3.800796
2508	-3441.652	-3697.695	256.0421	1.043865	1.751441	3.800796
2514	-3434.483	-3691.584	257.1008	1.102833	0.7705491	3.647246
2520	-3430.061	-3687.962	257.9012	1.071814	0.3738926	3.555093
2526	-3423.488	-3676.734	253.2461	1.095933	16.58263	3.539952
2532	-3410.436	-3668.108	257.6722	1.088546	0.6322742	3.427669
2538	-3423.82	-3679.242	255.4214	0.8407769	1.791638	4.256292
2544	-3437.698	-3693.035	255.337	0.9252254	1.791638	4.256292
2550	-3448.765	-3700.947	252.1822	0.8815254	12.66355	4.526982
2556	-3448.663	-3704.214	255.5511	0.9469442	0.6869656	4.677253
2562	-3434.714	-3690.293	255.5796	0.9080904	1.116193	4.419445
2568	-3437.81	-3693.313	255.5029	0.8866805	0.9921567	4.541817
2574	-3439.858	-3695.008	255.1505	0.8286946	0.8232484	4.873173
2580	-3437.171	-3690.106	252.9346	0.9232074	8.673213	4.4182
2586	-3434.935	-3689.941	255.006	0.9691483	3.13626	4.032447
2592	-3441.508	-3697.875	256.3667	0.8374579	0.658175	4.30161
2598	-3441.702	-3697.821	256.1193	0.8374579	0.8412825	4.312997
2604	-3447.375	-3703.956	256.581	0.9065551	0.3510342	4.431549
2610	-3440.402	-3692.407	252.0047	0.9206443	15.24793	4.431549
2616	-3448.631	-3702.951	254.3204	0.8681395	2.239568	4.713148
2622	-3448.899	-3700.127	251.2285	0.9474818	23.24561	4.44189
2628	-3451.388	-3702.754	251.3655	0.9367502	23.24561	4.370666
2634	-3443.005	-3696.546	253.5405	0.9476911	6.490654	4.308348
2640	-3444.899	-3699.941	255.0421	0.993464	1.311406	4.578799
2646	-3450.089	-3705.242	255.1523	0.8832144	1.311406	4.578799
2652	-3449.081	-3701.635	252.5539	0.8333861	9.260056	4.625728
2658	-3447.699	-3701.348	253.6486	0.8333861	7.062675	4.241199
2664	-3448.319	-3702.96	254.6415	0.8333861	2.363308	4.516134
2670	-3447.484	-3700.037	252.5537	0.8988007	12.23592	4.339449
2676	-3447.827	-3705.839	258.0122	1.08116	0.5427669	3.309982
2682	-3449.789	-3703.619	253.8299	1.039671	14.31897	3.376019
2688	-3445.622	-3702.493	256.8708	1.026618	1.015216	3.6698
2694	-3445.901	-3701.368	255.4675	1.049299	3.571213	3.623598
2700	-3449.68	-3702.922	253.2423	1.114906	25.65117	3.079536
2706	-3446.16	-3701.26	255.1	0.9331396	1.18856	4.638359
2712	-3440.491	-3695.232	254.7409	0.8966328	3.053893	4.243855
2718	-3439.17	-3694.596	255.4262	0.8125422	0.9103753	4.674033
2724	-3454.77	-3710.007	255.2377	0.9775879	1.298823	4.483574
2730	-3446.341	-3699.905	253.5644	0.9605491	11.13935	3.814556
2736	-3442.132	-3697.732	255.6004	0.9512374	1.271181	4.306709
2742	-3446.929	-3701.317	254.3879	0.9450721	5.851437	3.913293
2748	-3446.811	-3704.465	257.6541	1.077701	0.3474742	3.726545
2754	-3451.412	-3705.974	254.5624	0.93914	8.154204	3.531601
2760	-3436.743	-3693.281	256.5383	1.000958	0.7073632	4.07433
2766	-3442.565	-3696.24	253.6742	0.9416766	8.508929	4.004726
2772	-3443.8	-3697.648	253.8475	0.9607797	5.849591	4.212737
2778	-3447.132	-3699.883	252.7511	0.9831449	18.45515	3.785604
2784	-3444.921	-3697.216	252.2956	0.9741007	13.56837	4.34702
2790	-3434.178	-3689.28	255.1015	0.9385803	1.518006	4.486958
2796	-3442.59	-3693.781	251.1909	0.9138625	26.4933	4.349032
2802	-3437.121	-3689.05	251.9293	0.7038876	5.388261	5.491647
2808	-3438.609	-3691.826	253.2165	0.8483976	4.803034	4.788094
2814	-3430.245	-3682.588	252.3428	0.8258027	8.842479	4.788094
2820	-3430.3	-3685.074	254.7735	1.003613	3.660712	4.030299
2826	-3426.715	-3682.569	255.8535	0.9249619	1.133526	4.246128
2832	-3437.097	-3692.834	255.7366	0.8563352	0.8694838	4.500331
2838	-3438.253	-3692.892	254.6393	0.9265372	4.16302	4.052522
2844	-3438.311	-3693.579	255.2682	0.9760032	2.2022	4.129259
2850	-3437.84	-3693.792	255.9525	1.0249	1.845189	3.828861
2856	-3438.549	-3695.389	256.8406	0.9589719	0.6504588	3.968962
2862	-3433.065	-3689.992	256.9275	0.9836004	0.6946874	3.871078
2868	-3442.197	-3697.447	255.2505	0.9836004	6.215794	3.339733
2874	-3457.293	-3712.334	255.0403	1.120087	3.887325	3.764521
2880	-3448.201	-3703.639	255.4375	0.9995282	6.215794	3.22001
2886	-3451.689	-3704.349	252.6598	0.9905427	15.73762	3.989981
2892	-3444.262	-3699.033	254.7709	1.118072	4.7866	3.757218
2898	-3430.739	-3686.998	256.2589	1.106877	3.087858	3.23732
2904	-3439.206	-3696.069	256.8634	1.138929	1.829632	3.23732
2910	-3442.04	-3695.941	253.9002	1.138929	14.15804	3.287349
2916	-3442.767	-3698.337	255.5702	0.985315	5.286937	3.287349
2922	-3440.784	-3696.883	256.099	1.061284	2.179548	3.610269
2928	-3439.483	-3695.332	255.8492	0.953147	2.914881	3.610269
2934	-3444.261	-3702.157	257.8965	0.9326835	0.2200083	3.849122
2940	-3444.725	-3698.778	254.0529	0.8565165	3.698998	4.513914
2946	-3443.847	-3696.729	252.8816	0.9919918	7.677901	4.513914
2952	-3461.29	-3715.365	254.0747	1.172667	15.70224	3.060786
2958	-3434.9	-3692.712	257.8127	1.169637	1.181687	2.938581
2964	-3436.705	-3695.58	258.8753	1.169637	0.1243641	3.324967
2970	-3448.097	-3702.793	254.6958	0.9919918	1.983539	4.513914
2976	-3449.35	-3704.435	255.0853	0.9919918	1.404455	4.513914
2982	-3445.558	-3697.455	251.8971	1.003526	22.07518	4.083481
2988	-3445.019	-3697.693	252.6733	0.9770373	21.49034	3.680424
2994	-3442.257	-3700.348	258.0913	1.123557	1.061515	2.86474
3000	-3439.747	-3695.749	256.0014	1.076633	4.486097	3.113564
3006	-3444.515	-3699.518	255.0026	1.018932	4.477567	3.734
3012	-3434.997	-3690.764	255.7668	1.074198	2.928414	3.58444
3018	-3429.653	-3682.371	252.7179	0.8673193	12.36393	4.254787
3024	-3426.626	-3682.41	255.7831	0.9746665	1.154967	4.246884
3030	-3436.837	-3691.995	255.1581	1.146627	6.031489	3.323905
3036	-3435.65	-3690.382	254.7322	1.146627	7.414814	3.395145
3042	-3423.438	-3680.588	257.1505	1.113604	1.465878	3.22978
3048	-3434.675	-3690.046	255.371	1.100132	7.866142	2.991105
3054	-3433.347	-3687.001	253.6546	1.149733	15.18881	3.356389
3060	-3429.021	-3687.265	258.2437	1.149733	1.142264	2.710199
3066	-3428.801	-3682.47	253.6693	1.081112	12.08429	3.608382
3072	-3443.573	-3694.574	251.0011	0.9686788	20.78504	4.66905
3078	-3439.349	-3691.393	252.0444	0.928669	15.55543	4.385692
3084	-3428.557	-3683.034	254.4763	0.9452331	2.941188	4.39311
3090	-3439.553	-3694.839	255.2857	1.006199	3.21128	3.833538
3096	-3434.466	-3688.806	254.3396	1.012833	2.999601	4.41797
3102	-3448.913	-3701.955	253.0426	0.9821859	6.478863	4.570984
3108	-3445.589	-3701.194	255.6047	0.9821859	1.645012	4.126948
3114	-3437.601	-3693.875	256.2743	1.051715	2.895675	3.30904
3120	-3454.073	-3710.283	256.2104	1.164882	3.344248	3.17062
3126	-3447.005	-3701.926	254.9207	1.1587	7.381057	3.281233
3132	-3438.838	-3697.58	258.7422	1.1587	0.2668876	3.150778
3138	-3437.538	-3692.337	254.7993	1.104702	11.67587	2.960461
3144	-3432.842	-3685.806	252.964	1.077227	25.11672	3.289528
3150	-3430.536	-3687.397	256.8611	0.9488406	0.8286269	3.834866
3156	-3423.45	-3679.929	256.4795	0.9348032	1.369654	3.768766
3162	-3427.265	-3683.641	256.3757	0.9134295	1.369654	3.840839
3168	-3437.017	-3693.161	256.1441	0.9915901	1.575408	3.840839
3174	-3439.833	-3692.702	252.8686	0.9252393	4.927842	4.919239
3180	-3441.823	-3696.121	254.2978	0.9251787	6.842635	3.845166
3186	-3445.432	-3699.26	253.8284	1.067409	6.19622	4.115621
3192	-3437.777	-3690.944	253.1666	0.8458007	7.368911	4.470599
3198	-3434.073	-3690.597	256.5237	0.8831356	0.1425536	4.79299
3204	-3433.42	-3686.705	253.2857	0.7981105	4.582306	4.813908
3210	-3433.608	-3687.938	254.3309	0.9368207	4.582306	4.147498
3216	-3429.949	-3684.141	254.1925	0.9368207	6.110188	3.994014
3222	-3435.935	-3690.374	254.4397	0.9161252	3.971884	4.208075
3228	-3432.306	-3686.168	253.8623	0.9161252	5.480142	4.282616
3234	-3431.099	-3684.239	253.1398	0.8723364	5.480142	4.713722
3240	-3427.898	-3682.435	254.5366	0.8216857	2.740824	4.478874
3246	-3436.127	-3692.218	256.0907	1.011798	2.285037	3.610825
3252	-3428.289	-3684.684	256.3957	1.042613	1.715313	3.610825
3258	-3431.927	-3687.265	255.3388	0.982535	2.974308	3.873106
3264	-3444.693	-3699.741	255.0482	1.039312	4.52734	3.68708
3270	-3442.636	-3695.657	253.0214	0.8680118	3.789289	5.065518
3276	-3444.711	-3700.154	255.4437	0.9532825	3.138412	3.790085
3282	-3450.612	-3704.963	254.3513	1.056061	6.936406	3.727356
3288	-3459.468	-3713.567	254.0995	1.056061	10.44382	3.508889
3294	-3447.437	-3702.288	254.8512	1.004034	4.275775	3.866053
3300	-3450.206	-3704.117	253.9111	0.9215462	5.693986	4.220888
3306	-3426.635	-3680.54	253.9045	0.9185807	3.698874	4.56244
3312	-3429.276	-3683.858	254.5824	0.9185807	4.715891	3.991851
3318	-3419.199	-3674.821	255.6226	0.9332851	1.558407	4.178966
3324	-3432.055	-3683.413	251.3579	0.9589141	27.80477	4.178966
3330	-3421.264	-3675.782	254.518	0.9941672	7.040847	3.653858
3336	-3427.609	-3680.7	253.0908	0.9229187	8.452281	4.352562
3342	-3428.701	-3681.521	252.8194	0.8162432	5.707164	4.891442
3348	-3431.618	-3687.751	256.1337	0.7956001	0.4221818	4.666199
3354	-3445.459	-3696.342	250.8828	0.9662097	32.22862	4.289348
3360	-3444.359	-3696.482	252.1233	0.9974856	9.465626	4.755702
3366	-3432.447	-3684.268	251.8216	0.8788155	17.3691	4.433733
3372	-3435.102	-3687.964	252.862	0.9071121	12.01216	4.177058
3378	-3441.551	-3694.334	252.7831	0.9071121	12.01216	4.221807
3384	-3448.276	-3702.552	254.2758	0.9582619	6.400815	3.89523
3390	-3442.274	-3700.208	257.9336	0.9251695	0.4278567	3.561066
3396	-3442.138	-3695.17	253.0322	0.8676266	7.490066	4.520161
3402	-3454.391	-3706.884	252.493	0.9367983	6.52833	4.897354
3408	-3440.024	-3694.61	254.5864	0.9858797	3.095337	4.271079
3414	-3435.287	-3689.716	254.4289	0.9858797	6.858735	3.732676
3420	-3436.624	-3695.116	258.4929	1.184191	0.4488499	3.056535
3426	-3428.215	-3684.981	256.7654	1.128569	1.196206	3.574303
3432	-3440.695	-3696.619	255.9239	1.174145	5.749983	2.892165
3438	-3436.114	-3694.362	258.2484	1.174145	0.4356585	3.22205
3444	-3427.083	-3683.208	256.1249	1.174145	4.224996	3.030551
3450	-3435.342	-3693.22	257.8777	1.100276	0.6459022	3.28889
3456	-3442.781	-3700.498	257.717	1.086329	0.8045247	3.272974
3462	-3443.314	-3700.157	256.8437	1.086329	1.193775	3.55461
3468	-3445.302	-3702.567	257.2651	1.0151	0.8411813	3.55461
3474	-3438.307	-3692.318	254.0115	1.0151	6.007677	4.066657
3480	-3442.556	-3695.176	252.6199	0.9722917	14.51624	4.100524
3486	-3439.6	-3694.156	254.5561	0.965836	3.520234	4.204895
3492	-3444.381	-3698.722	254.3404	0.9765827	4.104948	4.204895
3498	-3435.426	-3692.978	257.5528	0.9206239	0.1367119	4.204895
3504	-3437.538	-3694.426	256.8874	0.8796651	0.3637613	4.258688
3510	-3439.656	-3697.082	257.4257	0.9271256	0.5929241	3.697695
3516	-3431.576	-3689.186	257.6101	0.9951374	0.4376805	3.697695
3522	-3428.427	-3683.802	255.3748	0.8309382	0.6490065	4.869077
3528	-3445.026	-3695.491	250.4646	0.8628452	15.31378	5.318064
3534	-3439.873	-3693.586	253.713	0.9810532	3.808103	4.613139
3540	-3443.692	-3698.004	254.3116	0.9409045	7.066341	3.800735
3546	-3440.631	-3694.452	253.8212	0.9597182	10.56546	3.71561
3552	-3449.691	-3704.162	254.4711	0.8471523	3.901742	4.242962
3558	-3453.517	-3705.456	251.939	0.7929799	7.826086	5.134723
3564	-3436.46	-3690.425	253.9647	0.8449795	2.22095	4.930079
3570	-3444.082	-3698.411	254.3289	0.8752597	2.938894	4.516074
3576	-3435.241	-3689.428	254.1871	1.017075	2.938894	4.516074
3582	-3435.193	-3689.531	254.3375	0.867713	2.384532	4.661332
3588	-3439.139	-3691.588	252.4488	0.867713	8.844655	4.705213
3594	-3453.142	-3706.163	253.0214	0.7527319	8.844655	4.448329
3600	-3449.17	-3702.392	253.2213	0.7527319	3.89661	4.997817
3606	-3443.858	-3699.105	255.2469	0.7658411	0.6214999	4.997817
3612	-3449.37	-3706.352	256.9825	0.9294357	0.801027	3.794678
3618	-3448.149	-3704.671	256.5219	0.9132087	0.9651226	3.964874
3624	-3451.496	-3704.61	253.1145	0.8175198	5.804403	4.712488
3630	-3443.296	-3696.545	253.2494	0.8628928	5.114153	4.712488
3636	-3438.009	-3690.993	252.984	0.7471996	3.689518	5.172826
3642	-3439.255	-3691.926	252.6703	0.8894898	3.689518	5.26764
3648	-3440.527	-3694.957	254.4295	0.9346717	3.197951	4.365004
3654	-3432.013	-3685.643	253.6296	1.005578	10.51539	3.80405
3660	-3441.893	-3698.909	257.0157	1.019911	0.6886034	3.80405
3666	-3444.749	-3699.656	254.9072	1.111579	5.920377	3.50716
3672	-3439.07	-3692.212	253.1416	1.121277	16.02146	3.619895
3678	-3436.109	-3691.522	255.4131	1.095302	6.327116	3.162342
3684	-3435.715	-3694.338	258.6232	1.076849	0.2503954	3.294672
3690	-3441.453	-3691.617	250.1645	0.9647102	63.30323	3.948789
3696	-3442.023	-3693.265	251.2415	0.9647102	23.78043	4.401875
3702	-3442.186	-3698.506	256.3207	0.908704	1.045233	4.036805
3708	-3448.388	-3702.653	254.266	0.8046144	1.301144	5.121487
3714	-3435.062	-3690.019	254.9569	0.9038048	1.643817	4.53793
3720	-3435.65	-3690.915	255.2653	1.028848	2.060547	4.14584
3726	-3437.185	-3691.257	254.0724	1.028848	4.344956	4.283343
3732	-3435.517	-3689.893	254.3764	0.9615166	5.161844	4.012759
3738	-3440.911	-3697.478	256.5677	0.8167938	0.2644189	4.601474
3744	-3441.81	-3696.693	254.8835	0.9472911	2.194718	4.36588
3750	-3442.551	-3696.403	253.8522	0.9518517	3.96737	4.52052
3756	-3435.833	-3692.787	256.9541	0.9518517	0.3377352	4.211004
3762	-3445.119	-3699.032	253.9136	0.9818346	7.103922	4.000956
3768	-3442.558	-3696.75	254.1912	1.015673	3.399466	4.409026
3774	-3432.139	-3688.953	256.8138	1.008017	0.399252	4.187517
3780	-3434.811	-3690.242	255.431	0.8905399	2.013558	4.1457
3786	-3440.335	-3697.005	256.6696	0.8081059	0.3627963	4.423287
3792	-3437.182	-3690.637	253.4548	0.7826935	3.880552	4.854303
3798	-3425.904	-3679.342	253.438	0.7526449	2.360863	5.232511
3804	-3422.198	-3675.833	253.6349	0.8547437	2.971166	4.908019
3810	-3427.28	-3681.982	254.7028	0.8751665	1.47263	4.764762
3816	-3435.392	-3689.413	254.0213	0.9787408	5.052978	4.222161
3822	-3444.524	-3701.724	257.2007	0.9786875	0.2319382	4.20119
3828	-3441.916	-3694.895	252.9786	0.9713302	8.060555	4.429445
3834	-3442.677	-3697.518	254.8411	0.9713302	1.209706	4.751586
3840	-3439.918	-3697.956	258.0382	1.165149	0.3976295	3.393179
3846	-3442.784	-3694.214	251.4302	1.02646	15.87987	4.656432
3852	-3437.759	-3688.603	250.8442	0.8436169	26.87581	4.569134
3858	-3434.657	-3688.37	253.7136	0.8686793	4.383191	4.569134
3864	-3432.242	-3684.7	252.4583	0.8882543	16.48583	4.118323
3870	-3432.267	-3686.721	254.4546	0.950626	2.369486	4.553483
3876	-3422.93	-3678.883	255.9535	0.9845374	2.166689	3.742967
3882	-3431.702	-3687.454	255.7521	1.005075	1.129802	4.260126
3888	-3444.52	-3700.259	255.7386	0.9501888	2.991921	3.656868
3894	-3455.238	-3711.487	256.2495	0.9911375	0.7465495	4.215946
3900	-3456.263	-3711.593	255.3297	1.013793	3.75892	3.684687
3906	-3458.268	-3713.618	255.3499	1.042576	3.75892	3.656337
3912	-3456.888	-3712.729	255.8408	1.047359	3.75892	3.367308
3918	-3444.147	-3701.849	257.7018	1.023014	0.5500195	3.51927
3924	-3446.353	-3701.574	255.2216	0.8686524	1.067984	4.668083
3930	-3450.466	-3704.855	254.3894	0.8615004	4.591155	4.155543
3936	-3442.895	-3697.351	254.4557	0.8615004	3.147177	4.403132
3942	-3449.037	-3703.831	254.7932	0.9029734	3.092537	4.201464
3948	-3448.922	-3704.907	255.9842	1.005476	2.013111	3.76338
3954	-3449.002	-3706	256.9975	0.9758801	0.5521341	3.951286
3960	-3448.637	-3703.722	255.0858	0.9971825	2.832772	4.044858
3966	-3439.676	-3694.765	255.0886	1.019812	3.272616	3.924825
3972	-3436.79	-3690.88	254.0904	1.077971	9.739853	3.565549
3978	-3436.315	-3692.247	255.9323	1.06785	1.145552	4.114043
3984	-3439.394	-3691.805	252.4118	0.9768604	20.0814	3.899834
3990	-3439.641	-3691.871	252.2297	0.9403146	12.14727	4.505382
3996	-3450.14	-3703.067	252.9273	0.9367228	7.158935	4.578318
4002	-3455.977	-3707.538	251.5618	0.8955025	30.61849	3.997691
4008	-3452.418	-3708.013	255.5956	0.979192	4.306008	3.443615
4014	-3436.99	-3692.865	255.875	1.030083	1.311944	4.08702
4020	-3438.175	-3690.261	252.0866	0.9752619	23.53803	3.92601
4026	-3442.19	-3692.598	250.4073	0.8855015	26.88753	4.789813
4032	-3441.337	-3691.734	250.3974	0.7418074	16.93808	5.327697
4038	-3436.256	-3689.62	253.3634	0.9161222	4.83975	4.662153
4044	-3431.511	-3689.196	257.6844	0.9396847	0.1774826	4.039652
4050	-3434.718	-3692.617	257.899	0.992765	0.1774826	3.886517
4056	-3434.439	-3685.428	250.9889	0.9428178	32.78703	4.224284
4062	-3434.855	-3689.112	254.2561	0.815981	1.252313	5.143124
4068	-3434.943	-3692.081	257.1382	0.735081	0.2048685	4.417759
4074	-3439.764	-3693.245	253.4805	0.8695222	8.096382	4.19937
4080	-3445.053	-3701.076	256.023	0.9492651	0.3513264	4.720438
4086	-3442.666	-3699.682	257.016	0.8371123	0.6010438	3.97823
4092	-3447.87	-3703.154	255.2841	0.9593611	5.371401	3.457369
4098	-3437.182	-3694.129	256.9475	1.185569	1.913375	3.129074
4104	-3434.109	-3688.659	254.5499	1.051227	7.47313	3.550485
4110	-3438.225	-3691.376	253.1514	0.9966232	11.14506	4.030082
4116	-3444.03	-3696.797	252.7664	0.9913679	14.15483	4.030082
4122	-3434.905	-3690.352	255.4475	1.044442	2.675985	3.851577
4128	-3438.113	-3693.575	255.4624	0.9829787	2.777448	3.851577
4134	-3441.403	-3698.137	256.7333	1.077259	1.646714	3.420704
4140	-3431.049	-3688.005	256.9555	0.9887418	0.6506808	3.885898
4146	-3433.251	-3687.062	253.8111	1.028759	8.417967	3.885898
4152	-3427.187	-3681.436	254.2483	1.055784	8.417967	3.618078
4158	-3424.536	-3679.483	254.9471	1.116262	6.066046	3.460571
4164	-3423.227	-3676.391	253.1639	0.9160789	6.066046	4.593941
4170	-3434.948	-3690.063	255.1153	0.8378922	1.380732	4.593941
4176	-3437.157	-3691.913	254.756	1.095027	6.202025	3.565571
4182	-3433.2	-3688.991	255.7917	1.075655	2.630492	3.647261
4188	-3435.621	-3691.769	256.1476	1.102244	2.630492	3.424499
4194	-3435.055	-3688.503	253.448	1.079466	7.051166	4.216749
4200	-3430.234	-3687.342	257.1086	0.9331453	0.4920309	3.967347
4206	-3430.44	-3684.093	253.6536	0.9671348	8.850126	3.967347
4212	-3441.716	-3695.128	253.4125	0.9489069	9.390942	4.062819
4218	-3453.643	-3704.821	251.178	0.9037284	22.49929	4.527652
4224	-3447.709	-3701.92	254.2111	0.9703425	7.237099	3.821123
4230	-3439.993	-3693.626	253.6327	0.8960748	7.237099	4.194022
4236	-3436.959	-3687.566	250.6072	0.7288289	14.68472	5.352128
4242	-3437.95	-3692.623	254.6739	0.9276392	1.622531	4.691494
4248	-3429.02	-3681.601	252.581	1.023867	20.61916	3.748828
4254	-3426.232	-3681.13	254.8982	0.9422727	2.813484	4.187761
4260	-3421.438	-3676.045	254.6073	0.8536342	2.813484	4.402562
4266	-3432.606	-3684.623	252.0169	1.012158	20.08579	4.105051
4272	-3425.001	-3679.391	254.3899	0.9857209	4.472764	4.105051
4278	-3428.058	-3683.935	255.8764	0.9782229	0.5409847	4.59473
4284	-3433.476	-3689.043	255.5664	0.8523104	1.559286	4.256388
4290	-3428.974	-3680.047	251.0724	0.8365514	21.80692	4.655701
4296	-3430.798	-3682.27	251.4723	0.8913764	24.85274	4.268052
4302	-3427.937	-3683.476	255.5394	0.9999505	2.805032	3.790344
4308	-3439.621	-3694.071	254.4499	1.024389	10.37407	3.328408
4314	-3439.666	-3697.136	257.4699	1.09484	0.6338303	3.540774
4320	-3436.591	-3693.356	256.7654	1.09484	1.881056	3.302331
4326	-3429.11	-3685.893	256.7828	1.049718	0.8780932	3.789843
4332	-3433.921	-3689.416	255.4941	0.9378259	1.847123	4.140037
4338	-3421.63	-3679.106	257.4766	0.9795136	0.301389	3.943786
4344	-3418.216	-3674.788	256.572	0.9791422	1.12162	3.811171
4350	-3418.661	-3674.586	255.9251	0.9443552	1.12162	4.200675
4356	-3426.614	-3682.797	256.1825	0.8826811	1.455688	3.931326
4362	-3427.499	-3684.942	257.4428	1.073663	1.086196	3.268089
4368	-3439.95	-3693.056	253.1054	1.055703	15.33332	3.721729
4374	-3433.108	-3686.274	253.1661	0.9746921	14.80193	3.7676
4380	-3431.709	-3684.55	252.8408	0.9052968	15.94298	3.922628
4386	-3425.502	-3679.529	254.0271	0.9145569	4.674097	4.316799
4392	-3430.679	-3684.457	253.7779	0.9374739	13.46622	3.525712
4398	-3421.496	-3679.444	257.9473	0.906966	0.2496192	3.788375
4404	-3432.63	-3689.777	257.1462	0.8827714	0.2496192	4.259649
4410	-3435.986	-3691.792	255.8058	0.8925957	1.196584	4.259649
4416	-3432.933	-3685.988	253.0553	0.7821952	3.281308	5.199135
4422	-3441.731	-3692.531	250.8004	0.8708932	19.74868	4.885789
4428	-3428.257	-3683.933	255.6766	1.097798	5.15139	3.179593
4434	-3426.643	-3684.144	257.5008	1.169744	0.8623816	3.312165
4440	-3427.296	-3680.297	253.0007	1.146382	12.17865	3.948819
4446	-3431.754	-3687.621	255.8672	1.146382	3.117328	3.437256
4452	-3431.05	-3685.343	254.2935	0.994619	8.500607	3.618643
4458	-3423.745	-3677.764	254.0194	1.062745	8.500607	3.737866
4464	-3423.084	-3678.308	255.2242	1.062745	2.922806	3.905541
4470	-3434.56	-3691.01	256.4503	0.9818151	1.385355	3.751369
4476	-3446.775	-3699.02	252.2445	1.053197	17.0139	4.115537
4482	-3436.442	-3690.855	254.4132	1.053197	10.0331	3.364099
4488	-3431.937	-3686.251	254.3141	0.9588075	5.961939	3.932249
4494	-3417.831	-3671.974	254.143	0.9588075	7.81832	3.800068
4500	-3418.957	-3670.6	251.6436	0.940213	29.32822	3.970923
4506	-3423.959	-3677.684	253.7251	0.942378	5.996247	4.272249
4512	-3431.378	-3685.417	254.039	0.8894868	2.798074	4.705482
4518	-3433.861	-3686.585	252.7243	0.9726132	16.65502	3.908261
4524	-3431.041	-3686.128	255.0868	1.010557	3.284454	3.92844
4530	-3443.583	-3699.93	256.3473	1.014223	0.8812786	4.057771
4536	-3439.963	-3696.453	256.4906	0.9481151	0.6277224	4.192573
4542	-3432.254	-3689.334	257.0801	0.9705436	0.849618	3.682278
4548	-3428.707	-3684.135	255.4281	0.8152591	1.093531	4.568734
4554	-3427.574	-3680.29	252.7167	0.8387011	8.871338	4.568734
4560	-3431.49	-3683.412	251.9221	0.8847116	14.14687	4.568734
4566	-3442.565	-3697.112	254.5469	0.8541908	2.185327	4.610573
4572	-3440.108	-3697.564	257.456	0.9674735	0.3622702	3.886237
4578	-3432.364	-3687.458	255.0933	1.007026	3.134473	3.961317
4584	-3429.528	-3685.123	255.5947	1.021766	3.134473	3.664259
4590	-3429.328	-3684.318	254.9898	1.098526	4.646029	3.665929
4596	-3437.517	-3691.822	254.3046	0.9171762	4.356837	4.212945
4602	-3432.315	-3688.781	256.4661	0.9227517	1.375567	3.78075
4608	-3441.747	-3697.556	255.809	0.9775355	2.327251	3.78075
4614	-3443.938	-3700.684	256.7458	0.9775355	0.7114033	3.96627
4620	-3438.515	-3693.71	255.1946	1.013868	2.859901	3.96627
4626	-3433.991	-3689.795	255.8033	0.846712	1.323812	4.226495
4632	-3431.271	-3688.552	257.2817	1.031952	0.5699379	3.740107
4638	-3445.499	-3702.69	257.1915	1.071402	0.9346521	3.505194
4644	-3448.94	-3705.975	257.0352	1.071402	1.536993	3.292007
4650	-3444.888	-3702.598	257.7103	1.172828	0.8785576	3.175913
4656	-3446.575	-3697.763	251.1877	0.9350495	22.04001	4.525165
4662	-3440.001	-3691.41	251.409	0.8570529	22.04001	4.444507
4668	-3447.059	-3699.195	252.1368	0.8570529	22.04001	4.031885
4674	-3437.942	-3691.738	253.7965	0.8514686	4.200627	4.564837
4680	-3437.423	-3689.606	252.1836	0.7740015	12.79235	4.57732
4686	-3440.679	-3696.458	255.7787	0.9306923	0.7735807	4.49726
4692	-3441.77	-3697.556	255.7852	0.9955431	3.290857	3.532344
4698	-3445.478	-3701.234	255.756	1.051478	3.330936	3.507618
4704	-3440.977	-3695.994	255.0168	0.8526941	2.727353	4.193414
4710	-3433.784	-3688.117	254.3336	0.8214375	2.291886	4.71634
4716	-3429.733	-3681.718	251.9844	1.043038	26.8695	3.808482
4722	-3431.336	-3688.627	257.2911	0.9240275	0.2021652	4.229045
4728	-3428.884	-3683.334	254.4508	0.9168553	1.723534	4.784109
4734	-3434.923	-3688.071	253.1474	0.8628673	7.656915	4.439362
4740	-3436.837	-3689.344	252.5069	0.8782776	6.981212	4.867052
4746	-3438.876	-3697.128	258.2511	1.087477	0.4634466	3.242434
4752	-3451.669	-3706.686	255.0175	0.8986474	2.547041	4.215177
4758	-3445.65	-3699.025	253.3752	0.9476564	5.614407	4.520152
4764	-3447.407	-3700.031	252.6238	1.016917	20.97111	3.710932
4770	-3453.718	-3704.669	250.9509	0.8501509	18.56757	4.873233
4776	-3453.166	-3706.962	253.7959	0.8203319	2.824325	4.873233
4782	-3441.916	-3697.789	255.8721	0.9990329	1.620655	3.974399
4788	-3443.647	-3699.716	256.0693	0.9666179	1.395573	3.974399
4794	-3447.24	-3702.678	255.4386	0.9728498	2.127929	4.057317
4800	-3445.482	-3699.921	254.4393	0.9289938	4.07765	4.180868
4806	-3441.951	-3697.923	255.9716	0.8374667	1.075651	4.259231
4812	-3431.416	-3687.626	256.2099	0.993186	1.430073	3.863394
4818	-3436.956	-3692.567	255.6104	0.8024005	1.6188	4.236091
4824	-3434.478	-3690.575	256.0966	0.9357568	1.862185	3.791093
4830	-3430.729	-3685.807	255.0778	0.9456888	2.516715	4.162593
4836	-3436.022	-3692.294	256.2715	0.9808465	1.547278	3.785246
4842	-3451.627	-3704.498	252.8717	0.8868595	5.410913	4.865428
4848	-3448.907	-3701.965	253.0584	0.9498483	4.049813	4.949978
4854	-3444.625	-3700.832	256.2067	1.069176	1.775263	3.68229
4860	-3433.031	-3688.128	255.0978	1.095336	7.648157	3.1823
4866	-3451.865	-3706.641	254.7761	1.17993	7.648157	3.322431
4872	-3450.701	-3703.245	252.5438	0.8893381	5.064197	5.098298
4878	-3448.194	-3701.599	253.405	0.8133536	5.064197	4.660884
4884	-3435.841	-3689.961	254.12	1.044029	9.237633	3.61609
4890	-3443.425	-3700.64	257.2144	1.035901	1.509019	3.219098
4896	-3444.978	-3701.689	256.7112	1.108024	1.04755	3.69674
4902	-3446.157	-3699.225	253.0679	1.012374	8.79557	4.280287
4908	-3440.599	-3694.874	254.275	0.8523985	4.27944	4.280287
4914	-3434.936	-3690.445	255.5083	1.032043	3.05054	3.728391
4920	-3442.09	-3696.625	254.535	0.9962051	5.031736	3.92274
4926	-3429.364	-3685.989	256.6255	0.9962051	1.478304	3.600703
4932	-3432.771	-3686.985	254.214	1.048748	6.007699	3.931722
4938	-3437.704	-3693.414	255.7098	1.037367	2.197727	3.843095
4944	-3439.398	-3692.15	252.7514	0.9978622	17.83769	3.810754
4950	-3433.88	-3690.677	256.7967	0.9241749	0.6587536	4.007455
4956	-3441.388	-3698.439	257.0515	0.7991599	0.19628	4.444967
4962	-3433.362	-3688.857	255.4947	1.098788	5.587963	3.218331
4968	-3434.719	-3692.515	257.7959	1.014621	0.1079092	4.076838
4974	-3434.854	-3690.722	255.8678	0.8777726	1.714977	4.009709
4980	-3437.481	-3693.615	256.1337	0.976921	0.7370373	4.296335
4986	-3434.522	-3688.537	254.015	0.9164592	2.40854	4.807592
4992	-3434.258	-3688.471	254.2123	0.8735189	2.40854	4.721331
4998	-3443.486	-3699.589	256.1026	0.8735189	0.3846272	4.680333
5004	-3446.356	-3702.881	256.5252	0.8484509	0.3089756	4.547495
5010	-3436.884	-3689.073	252.1884	0.8139847	8.907038	4.874525
5016	-3447.961	-3700.303	252.3417	0.8359537	8.907038	4.776741
5022	-3449.771	-3705.483	255.7116	0.8985402	1.421327	4.205617
5028	-3433.532	-3690.938	257.4054	0.9886998	0.4939052	3.763218
5034	-3428.255	-3679.849	251.5944	1.031365	19.72892	4.351522
5040	-3428.75	-3682.049	253.2997	0.9783725	7.432393	4.313448
5046	-3431.442	-3686.357	254.9149	0.8362604	0.8030721	5.013119
5052	-3439.179	-3694.838	255.659	0.9460545	0.8030721	4.536193
5058	-3439.435	-3690.76	251.325	0.9792414	25.68521	4.268006
5064	-3431.55	-3687.067	255.5167	0.9477864	1.468446	4.268006
5070	-3422.339	-3675.471	253.1322	0.9477864	8.581079	4.301998
5076	-3433.712	-3685.543	251.8305	0.8889059	8.126946	5.109964
5082	-3431.99	-3684.688	252.6976	0.9859288	18.71991	3.800644
5088	-3421.757	-3674.937	253.1801	0.9859288	18.71991	3.521193
5094	-3428.146	-3681.22	253.0741	0.9859288	8.19273	4.353367
5100	-3426.121	-3679.448	253.3275	0.9328915	8.19273	4.23998
5106	-3438.336	-3692.154	253.8181	0.9258667	8.19273	3.964637
5112	-3440.698	-3694.71	254.012	0.8701189	4.990191	4.298863
5118	-3432.765	-3685.367	252.6029	0.8394045	10.65279	4.470915
5124	-3444.429	-3700.531	256.1018	1.035793	1.528096	3.859183
5130	-3437.074	-3693.934	256.8602	0.9067344	0.8292266	3.859183
5136	-3443.27	-3699.717	256.4467	0.9616006	0.6428711	4.197829
5142	-3439.815	-3692.063	252.247	0.8074796	4.578623	5.385201
5148	-3449.477	-3701.161	251.6842	0.8349776	8.439109	5.188904
5154	-3430.862	-3687.559	256.6976	0.9361064	0.596495	4.10719
5160	-3441.696	-3695.767	254.0708	0.9828901	4.508947	4.28154
5166	-3437.695	-3693.411	255.7158	0.9264662	1.867525	4.012948
5172	-3439.774	-3695.921	256.1466	0.8339861	0.7442946	4.364669
5178	-3436.026	-3690.067	254.0413	0.8426277	3.553781	4.557959
5184	-3438.933	-3694.07	255.1371	0.8439866	1.906447	4.374767
5190	-3431.965	-3686.127	254.1611	1.007475	3.125441	4.491896
5196	-3431.874	-3687.866	255.992	1.039891	1.410275	3.970194
5202	-3461.738	-3716.152	254.4148	1.035322	10.07395	3.369932
5208	-3464.534	-3721.189	256.6548	1.000631	0.799554	3.943002
5214	-3463.905	-3718.463	254.5587	1.000631	4.808472	3.943002
5220	-3436.742	-3694.242	257.5003	1.000631	0.1533504	4.155543
5226	-3453.105	-3710.734	257.6288	0.8814335	0.1217019	4.216173
5232	-3460.869	-3716.721	255.8523	1.052531	0.9697516	4.264005
5238	-3445.001	-3698.819	253.8173	0.9194559	1.224736	5.341421
5244	-3446.146	-3700.726	254.5797	0.9036028	1.781719	4.698339
5250	-3432.775	-3685.217	252.4417	0.8811404	8.878442	4.698339
5256	-3435.197	-3688.938	253.741	0.99758	3.058451	4.748568
5262	-3432.443	-3689.982	257.5399	1.117478	0.6034617	3.511999
5268	-3439.425	-3695.938	256.513	0.9831894	0.3607099	4.415274
5274	-3431.148	-3686.567	255.4187	0.91344	1.288887	4.422369
5280	-3440.126	-3695.255	255.1288	1.023225	1.6372	4.376407
5286	-3443.964	-3697.666	253.7022	1.012498	6.93026	4.125031
5292	-3427.742	-3685.337	257.5943	1.064603	0.4110939	3.695137
5298	-3445.872	-3700.84	254.9681	1.091354	7.740912	3.250699
5304	-3437.376	-3694.728	257.3521	1.254459	1.336145	3.086042
5310	-3441.018	-3693.584	252.5664	1.067392	15.84886	3.99261
5316	-3431.937	-3684.529	252.5921	1.037095	24.55926	3.554533
5322	-3431.029	-3686.821	255.7923	0.9827742	0.9874861	4.327219
5328	-3432.345	-3687.715	255.3707	0.9019489	2.126545	4.136819
5334	-3434.299	-3689.167	254.8682	0.9675559	2.782977	4.198224
5340	-3423.341	-3676.164	252.8223	1.017038	9.567375	4.342643
5346	-3427.971	-3685.36	257.3888	0.9173764	0.2877123	4.047909
5352	-3446.854	-3702.653	255.7988	0.9842018	3.881518	3.403891
5358	-3443.741	-3699.411	255.6699	0.9995456	1.984502	3.956956
5364	-3445.231	-3700.532	255.3012	0.9995456	5.530489	3.399513
5370	-3447.567	-3702.92	255.3534	1.085015	4.436054	3.499482
5376	-3451.179	-3706.771	255.5913	1.098204	4.864865	3.277334
5382	-3446.062	-3700.435	254.3722	1.00418	9.288168	3.487611
5388	-3442.955	-3699.539	256.5835	1.00418	2.116387	3.38133
5394	-3451.326	-3705.193	253.8671	1.091347	8.724407	3.786142
5400	-3444.964	-3697.694	252.73	0.9131672	11.98682	4.250428
5406	-3442.074	-3697.803	255.7297	0.9705581	0.8702095	4.439445
5412	-3431.274	-3686.405	255.1317	0.9150782	1.747433	4.394211
5418	-3437.511	-3694.778	257.2661	0.9215386	0.08445236	4.486718
5424	-3442.555	-3699.605	257.05	0.872298	0.08445236	4.635761
5430	-3453.503	-3706.33	252.827	0.776491	2.063301	5.64465
5436	-3455.64	-3708.13	252.4899	0.8082756	2.247823	5.756048
5442	-3442.55	-3695.54	252.99	0.9913158	14.24126	3.896347
5448	-3431.493	-3685.412	253.9186	0.9431775	5.289164	4.263972
5454	-3434.844	-3688.978	254.1348	1.030331	4.251572	4.263972
5460	-3441.437	-3695.637	254.1998	0.9451388	9.484854	3.603304
5466	-3449.273	-3703.412	254.139	1.108147	9.159533	3.575525
5472	-3441.234	-3694.661	253.4265	0.8940938	8.368479	4.187428
5478	-3439.796	-3692.115	252.3194	0.8368798	11.82859	4.537291
5484	-3450.004	-3704.506	254.5016	0.7147176	1.105436	5.135172
5490	-3442.646	-3698.591	255.945	0.9060104	1.105436	4.21964
5496	-3453.564	-3707.575	254.0103	0.9974005	4.056854	4.388929
5502	-3443.925	-3700.435	256.5099	1.095132	1.877541	3.453385
5508	-3442.21	-3699.811	257.6003	0.9598701	0.6627898	3.520245
5514	-3438.663	-3695.788	257.1252	0.8870395	0.5540179	3.927362
5520	-3438.926	-3693.2	254.2745	0.9709733	3.340354	4.40014
5526	-3441.977	-3696.416	254.4388	1.012325	6.386861	3.772277
5532	-3438.593	-3693.73	255.1365	1.086905	5.894239	3.391236
5538	-3439.43	-3691.566	252.1355	0.89707	18.08903	4.206459
5544	-3434.692	-3690.265	255.5731	1.002536	2.305915	3.908366
5550	-3429.171	-3683.206	254.0342	1.04133	15.52035	3.174807
5556	-3429.356	-3683.555	254.1994	1.080194	4.914089	4.085458
5562	-3431.388	-3686.505	255.117	1.14415	6.819251	3.243551
5568	-3434.946	-3690.98	256.0343	1.137087	4.498356	3.055618
5574	-3436.68	-3694.792	258.112	1.090614	0.4807288	3.305116
5580	-3443.527	-3699.454	255.9275	1.004844	2.09307	3.769922
5586	-3438.618	-3691.833	253.2159	1.069718	14.48261	3.705044
5592	-3439.556	-3693.065	253.5097	1.098922	16.38777	3.395905
5598	-3430.88	-3685.918	255.0373	1.098922	6.225234	3.395905
5604	-3437.086	-3692.054	254.968	0.9798588	2.580795	4.187938
5610	-3433.352	-3686.81	253.4586	0.9820717	7.695252	4.19166
5616	-3437.815	-3692.777	254.9612	0.9045583	2.038756	4.395521
5622	-3437.843	-3691.568	253.7252	0.9099202	8.263105	4.019399
5628	-3426.16	-3681.208	255.0487	0.9736557	3.369439	3.952365
5634	-3437.017	-3691.385	254.3673	0.9735351	3.434171	4.325852
5640	-3431.963	-3685.949	253.9862	1.021795	6.382185	4.027064
5646	-3446.872	-3699.676	252.8034	1.044535	17.30125	3.784128
5652	-3447.987	-3705.42	257.4331	1.155955	0.6974818	3.476488
5658	-3448.207	-3702.314	254.1072	1.095627	10.26751	3.49705
5664	-3440.52	-3696.413	255.8927	1.151342	4.609355	3.111557
5670	-3435.436	-3691.607	256.1712	1.116088	4.609355	2.965973
5676	-3443.67	-3700.698	257.0287	1.174735	2.352865	2.939884
5682	-3444.617	-3698.469	253.8521	0.9762135	5.36575	4.271385
5688	-3441.907	-3695.268	253.361	0.8193067	5.338494	4.640415
5694	-3433.737	-3687.73	253.993	1.025328	5.819398	4.097598
5700	-3435.763	-3688.556	252.7934	0.8883965	8.058055	4.580539
5706	-3434.149	-3686.966	252.8172	0.8883965	7.332363	4.647103
5712	-3435.967	-3688.113	252.1458	1.006561	26.10044	3.76693
5718	-3432.191	-3687.791	255.5999	1.044548	3.034841	3.672051
5724	-3421.348	-3674.029	252.6806	0.930008	13.52908	4.156528
5730	-3429.987	-3684.022	254.035	0.8809869	4.788311	4.312378
5736	-3424.527	-3679.257	254.7301	1.052322	4.788311	3.818296
5742	-3430.805	-3682.587	251.782	0.9997502	24.06756	4.063299
5748	-3427.114	-3681.53	254.416	1.042728	4.4407	4.063299
5754	-3424.447	-3677.54	253.0926	0.8957428	6.468068	4.592791
5760	-3425.335	-3678.347	253.0115	0.9453883	7.819592	4.451497
5766	-3433.609	-3685.392	251.783	0.8898614	13.26264	4.703666
5772	-3439.283	-3691.74	252.4573	0.8739096	4.271456	5.285098
5778	-3437.416	-3692.103	254.6874	0.9067677	1.838325	4.616116
5784	-3443.385	-3696.791	253.4057	0.9067677	6.506116	4.405632
5790	-3450.899	-3703.339	252.4401	0.9595252	12.92358	4.318877
5796	-3446.837	-3700.381	253.5445	0.8248876	3.824728	4.791491
5802	-3441.83	-3694.188	252.3582	0.8474934	14.90484	4.294816
5808	-3447.263	-3701.74	254.477	0.841167	1.623697	4.84932
5814	-3446.539	-3702.469	255.9299	0.8531408	0.4900134	4.681098
5820	-3441.154	-3694.465	253.3116	0.8922286	4.157134	4.821319
5826	-3453.799	-3706.006	252.2071	0.7798906	4.157134	5.495147
5832	-3438.231	-3693.945	255.7136	0.8350745	0.3359326	4.974903
5838	-3434.402	-3691.307	256.905	0.9772131	0.5185102	4.033678
5844	-3435.342	-3690.043	254.7012	0.944139	1.433951	4.743364
5850	-3438.831	-3693.06	254.2288	1.006661	4.754293	4.136766
5856	-3426.203	-3681.76	255.5573	0.9600032	0.8823917	4.534824
5862	-3437.251	-3691.519	254.2677	0.9884668	10.73949	3.424155
5868	-3430.415	-3683.888	253.4734	1.02896	10.73949	3.861104
5874	-3436.164	-3689.084	252.9202	1.059521	13.83094	3.925076
5880	-3444.096	-3700.699	256.6027	0.9259309	0.7690488	4.036353
5886	-3445.478	-3698.557	253.0789	0.9133686	6.103808	4.638021
5892	-3436.053	-3691.286	255.2327	0.9880407	1.974978	4.215811
5898	-3435.155	-3689.754	254.5993	1.103614	6.315539	3.636236
5904	-3432.003	-3684.074	252.0704	0.9328317	20.26855	4.110724
5910	-3424.236	-3679.441	255.2051	0.8643595	1.837035	4.349077
5916	-3431.836	-3685.568	253.7316	0.8997816	5.344323	4.385901
5922	-3442.566	-3695.095	252.5285	0.9006447	6.923144	4.849437
5928	-3442.25	-3695.122	252.8722	0.8963493	6.587412	4.700923
5934	-3446.236	-3702.154	255.9174	0.9049212	2.571829	3.689508
5940	-3442.158	-3697.042	254.8837	0.9104184	3.374665	4.081563
5946	-3430.715	-3685.265	254.5499	0.9556531	6.022674	3.790163
5952	-3427.641	-3683.026	255.3857	0.9048316	3.52279	3.764872
5958	-3436.794	-3691.37	254.5764	0.9341988	4.736667	3.982846
5964	-3439.905	-3691.976	252.0717	0.8618442	20.37122	4.145349
5970	-3431.609	-3688.367	256.7583	1.177974	1.392224	3.455569
5976	-3433.394	-3688.406	255.0112	0.949537	6.299989	3.488337
5982	-3426.525	-3681.9	255.3752	1.052376	5.309306	3.359156
5988	-3422.818	-3677.499	254.6814	1.089438	7.747012	3.419747
5994	-3427.04	-3680.857	253.8175	1.086542	9.128343	3.777143
6000	-3426.792	-3682.384	255.5916	1.125984	4.515793	3.321594
6006	-3426.038	-3680.309	254.2705	0.9231817	3.416194	4.412815
6012	-3425.106	-3679.258	254.1516	0.8142495	2.530477	4.754561
6018	-3422.446	-3678.225	255.7795	0.8425763	1.625583	4.114555
6024	-3432.914	-3686.86	253.9463	0.9595197	4.674575	4.336949
6030	-3425.501	-3680.42	254.9191	0.8573186	1.322261	4.719029
6036	-3425.196	-3680.525	255.3292	0.8092363	1.08089	4.634264
6042	-3438.606	-3694.806	256.1992	0.967909	1.430164	3.883971
6048	-3434.853	-3691.178	256.3251	0.8585361	0.6096371	4.351595
6054	-3450.926	-3704.23	253.304	0.8488573	5.73039	4.599132
6060	-3444.013	-3695.559	251.546	0.841852	17.02942	4.628422
6066	-3443.144	-3698.313	255.1688	0.9259386	1.02271	4.690074
6072	-3442.294	-3697.355	255.0609	0.8792632	2.78729	4.137818
6078	-3434.943	-3688.554	253.6109	0.8985171	4.636865	4.566594
6084	-3428.237	-3680.419	252.1819	0.8797787	7.167411	5.025188
6090	-3428.495	-3681.943	253.4479	0.7347204	3.202962	5.025188
6096	-3422.638	-3678.207	255.5695	0.8642832	1.440976	4.297083
6102	-3428.507	-3681.082	252.5759	0.8522889	8.280737	4.69934
6108	-3418.214	-3674.199	255.9847	1.011387	1.54887	3.931754
6114	-3418.05	-3674.171	256.1214	1.009934	2.411983	3.555958
6120	-3417.453	-3674.681	257.2276	0.9373925	0.4353624	3.953352
6126	-3420.356	-3674.202	253.8464	0.8373993	5.129294	4.389118
6132	-3424.949	-3678.026	253.0768	0.9404275	10.33585	4.17295
6138	-3431.05	-3685.651	254.6011	1.009113	5.125886	3.862463
6144	-3441.002	-3696.116	255.1141	1.075716	6.075476	3.385221
6150	-3442.24	-3699.857	257.6165	1.162466	0.9568567	3.188168
6156	-3440.494	-3697.988	257.494	1.045708	1.776182	2.936967
6162	-3450.357	-3703.6	253.2431	1.077317	19.72959	3.3775
6168	-3439.349	-3694.174	254.8248	1.124778	5.763638	3.569978
6174	-3435.411	-3688.943	253.5325	1.04821	11.6995	3.736911
6180	-3433.278	-3685.359	252.0817	0.9755456	23.51749	3.929536
6186	-3432.116	-3687.355	255.2396	1.016287	4.512039	3.592181
6192	-3440.974	-3697.428	256.4545	1.117397	1.338637	3.691995
6198	-3436.651	-3693.596	256.9445	1.117397	1.441078	3.359982
6204	-3428.73	-3683.183	254.4531	1.117397	5.298958	3.858308
6210	-3432.019	-3686.49	254.4715	0.8478371	2.477124	4.571276
6216	-3428.749	-3684.154	255.4051	0.9923319	1.236399	4.410372
6222	-3432.691	-3685.837	253.1452	0.8669429	4.243942	4.912505
6228	-3427.75	-3679.501	251.7509	0.8514963	10.63579	4.94223
6234	-3418.077	-3671.579	253.5027	0.8363947	3.665211	4.840036
6240	-3430.929	-3685.646	254.7167	0.7692378	2.222402	4.55164
6246	-3433.625	-3687.7	254.0751	0.9078185	2.222402	4.833114
6252	-3433.552	-3686.276	252.7245	0.8928023	6.495239	4.796997
6258	-3436.831	-3692.841	256.0094	0.8928023	0.8443188	4.341852
6264	-3440.672	-3696.265	255.5936	0.8791048	1.654759	4.188098
6270	-3440.373	-3693.322	252.9498	0.7992661	4.913047	4.946496
6276	-3434.67	-3687.21	252.54	0.8714489	8.747772	4.661593
6282	-3430.921	-3685.016	254.0952	0.8541592	2.928451	4.661593
6288	-3435.782	-3687.07	251.2881	0.8668977	19.66719	4.619522
6294	-3434.272	-3687.961	253.6898	0.8485597	5.219982	4.457168
6300	-3434.97	-3688.038	253.0684	0.9130192	5.51995	4.725169
6306	-3444.809	-3699.653	254.8436	0.8262944	1.44448	4.725169
6312	-3442.786	-3697.094	254.3084	0.8684598	1.982223	4.800554
6318	-3450.637	-3703.752	253.115	0.9650699	4.675135	4.800554
6324	-3446.731	-3703.166	256.435	0.9841186	0.7240327	4.130609
6330	-3427.676	-3684.536	256.8609	1.183787	1.463288	3.360264
6336	-3431.62	-3684.785	253.1653	0.9679802	3.618163	4.964131
6342	-3430.676	-3685.943	255.2674	0.9679802	0.8923192	4.68685
6348	-3417.82	-3673.649	255.8296	0.9086335	0.8923192	4.40431
6354	-3418.035	-3673.662	255.6266	0.96883	1.47551	4.190791
6360	-3417.713	-3674.157	256.4445	1.084466	1.392514	3.692224
6366	-3425.16	-3680.246	255.0861	1.085571	5.099741	3.542008
6372	-3423.354	-3679.258	255.9037	1.044182	3.517056	3.383892
6378	-3426.267	-3685.003	258.7354	1.225135	0.5190251	2.814046
6384	-3434.622	-3689.833	255.2108	0.8741831	1.579749	4.43679
6390	-3430.516	-3684.3	253.7831	1.183908	17.22531	3.134143
