Iteration	Posterior	Likelihood	Prior	rate_log_sd	rate_loss	tree_length
0	-3442.779	-3697.726	254.9464	1.085247	7.930719	3.245437
6	-3446.27	-3702.276	256.006	1.073894	1.733137	3.811133
12	-3437.747	-3693.242	255.4943	1.087845	3.949707	3.507658
18	-3436.843	-3691.436	254.5922	1.098997	5.936509	3.695082
24	-3431.466	-3687.353	255.8864	1.061187	1.59134	3.942322
30	-3430.091	-3684.212	254.1216	1.059009	8.137515	3.719569
36	-3430.996	-3685.307	254.3109	1.080821	8.137515	3.597259
42	-3428.217	-3684.275	256.0577	0.9028271	0.6258017	4.464462
48	-3449.316	-3702.589	253.2732	0.7997259	7.512672	4.420188
54	-3449.994	-3702.628	252.6337	0.8687243	9.632153	4.526523
60	-3441.907	-3694.973	253.0661	0.8687243	6.772245	4.58487
66	-3445.929	-3699.329	253.3996	0.7965145	2.698345	5.138402
72	-3432.023	-3687.42	255.3973	0.8510403	0.9497819	4.645342
78	-3433.05	-3688.294	255.244	1.025202	3.071167	3.879536
84	-3442.281	-3699.255	256.9743	1.031604	0.7915158	3.747032
90	-3445.009	-3699.598	254.5885	0.8658644	2.28856	4.54953
96	-3445.141	-3697.615	252.4738	0.8894263	10.25261	4.54953
102	-3448.757	-3701.178	252.4207	0.8428927	11.36133	4.513526
108	-3440.319	-3691.763	251.4442	0.9445679	17.96834	4.576249
114	-3431.222	-3685.134	253.9116	0.9998909	7.261608	3.973035
120	-3438.71	-3694.114	255.4041	1.013078	2.394055	3.973035
126	-3428.15	-3683.343	255.1933	0.889439	2.394055	4.163732
132	-3430.395	-3685.435	255.0405	0.8362075	0.5590425	5.124279
138	-3428.246	-3683.369	255.1227	0.9300924	1.702552	4.407496
144	-3426.284	-3680.747	254.4629	0.9300924	1.484638	4.863006
150	-3423.122	-3676.406	253.2833	0.9228945	4.3846	4.779452
156	-3427.733	-3681.895	254.1624	0.8949371	2.482232	4.716645
162	-3425.919	-3682.284	256.3649	0.8829748	0.36112	4.554551
168	-3432.881	-3689.297	256.4158	0.9554317	1.893723	3.583849
174	-3423.514	-3677.945	254.4311	0.9500837	3.65064	4.257508
180	-3429.028	-3684.023	254.9948	0.9614738	2.895624	4.10125
186	-3434.611	-3689.864	255.2534	1.099832	6.935728	3.174142
192	-3434.179	-3689.021	254.842	1.052348	6.935728	3.444437
198	-3437.492	-3691.436	253.9435	1.005174	7.179402	3.961505
204	-3432.951	-3686.803	253.852	0.9838121	5.31395	4.274913
210	-3433.053	-3690.177	257.1238	0.9864442	1.191415	3.450676
216	-3434.989	-3689.527	254.5373	0.9790728	6.164127	3.764538
222	-3421.606	-3675.351	253.7448	0.9448585	6.164127	4.236963
228	-3424.154	-3678.309	254.1548	0.9218268	6.372147	3.989157
234	-3424.043	-3677.589	253.5462	0.7464895	3.366131	4.928169
240	-3428.127	-3681.631	253.5037	0.8501314	3.512553	4.863123
246	-3430.111	-3686.562	256.4518	0.7896466	0.4331531	4.479616
252	-3432.591	-3686.524	253.9333	0.9620983	8.768762	3.817945
258	-3426.222	-3682.026	255.8039	1.053238	1.56484	4.004757
264	-3436.826	-3691.813	254.9873	0.9686927	3.304882	4.004757
270	-3451.79	-3706.451	254.6611	0.9686927	5.424334	3.805164
276	-3445.326	-3698.444	253.1184	0.8937357	5.424334	4.721894
282	-3452.496	-3703.212	250.7158	0.9791685	22.76465	4.732708
288	-3437.361	-3689.891	252.5296	1.067485	19.51793	3.808609
294	-3441.87	-3696.236	254.3659	1.067485	6.191512	3.808609
300	-3455.342	-3712.12	256.7781	1.067485	1.438057	3.48795
306	-3453.559	-3707.839	254.28	1.080917	5.01371	4.023021
312	-3443.921	-3700.802	256.8808	1.057342	1.416944	3.4433
318	-3448.044	-3704.163	256.1189	1.000301	1.921863	3.719928
324	-3443.976	-3698.348	254.372	0.8568147	1.810759	4.830143
330	-3451.544	-3705.198	253.6539	0.9215238	1.810759	5.193068
336	-3450.711	-3704.681	253.9698	0.8981646	1.810759	5.030927
342	-3441.811	-3697.811	255.9994	0.9325463	0.4460939	4.640322
348	-3444.612	-3698.749	254.137	0.8890126	1.777019	4.95508
354	-3429.386	-3683.781	254.3948	0.8868248	4.219132	4.20382
360	-3442.363	-3696.839	254.4753	1.011122	4.219132	4.087374
366	-3439.464	-3694.275	254.811	0.950903	2.805591	4.23433
372	-3431.385	-3684.202	252.8164	0.974597	6.407788	4.711054
378	-3427.35	-3680.731	253.3806	0.8845465	2.613033	5.12234
384	-3428.939	-3683.873	254.934	0.8170216	1.02045	4.883262
390	-3429.431	-3684.789	255.3577	0.8900071	0.7872818	4.746913
396	-3435.708	-3688.618	252.9104	0.8152634	5.79668	4.828805
402	-3435.095	-3689.106	254.011	0.7929343	2.590385	4.828805
408	-3438.409	-3694.34	255.9308	0.941232	2.395586	3.711134
414	-3443.709	-3697.849	254.1406	0.8694933	3.981944	4.401723
420	-3435.055	-3692.366	257.3111	0.9052491	0.07215249	4.502686
426	-3430.295	-3684.925	254.6297	0.9220978	2.469397	4.442674
432	-3438.433	-3691.54	253.107	0.8659763	6.453737	4.603282
438	-3441.544	-3696.726	255.1819	1.015887	4.042729	3.712565
444	-3445.36	-3699.937	254.577	1.051615	5.088848	3.857746
450	-3444.487	-3700.506	256.0187	1.04883	3.169443	3.393154
456	-3436.78	-3691.331	254.551	1.034048	6.481623	3.682485
462	-3428.463	-3682.542	254.0786	1.024502	6.756148	3.924736
468	-3426.434	-3680.283	253.8484	0.9714609	10.00946	3.742557
474	-3431.932	-3682.591	250.659	0.92461	33.04639	4.412793
480	-3431.417	-3686.746	255.3287	1.059109	5.833082	3.303401
486	-3439.068	-3693.075	254.007	1.059109	6.603996	3.965188
492	-3439.174	-3692.245	253.0716	0.957546	14.52124	3.85027
498	-3438.012	-3694.274	256.2616	1.048868	3.758873	3.117656
504	-3436.01	-3693.349	257.3398	1.134838	1.087875	3.291866
510	-3438.032	-3695.814	257.7822	1.134838	1.087875	3.029051
516	-3441.522	-3696.476	254.9546	1.013021	5.238401	3.638592
522	-3450.598	-3705.98	255.3822	0.8837014	1.361615	4.42656
528	-3445.751	-3702.147	256.3964	0.9993502	0.299735	4.547057
534	-3436.374	-3693.701	257.3271	0.9254384	0.2029916	4.206396
540	-3430.333	-3687.667	257.3339	0.932389	0.3360921	4.007877
546	-3432.079	-3685.454	253.3751	0.9432852	9.493291	4.07772
552	-3439.677	-3692.026	252.3496	0.9432852	9.795736	4.629344
558	-3434.924	-3689.219	254.295	0.9519552	5.558886	4.004657
564	-3440.734	-3694.196	253.4626	0.9519552	6.252661	4.380871
570	-3450.789	-3704.709	253.9194	1.035485	6.361273	4.060095
576	-3453.801	-3705.935	252.1339	0.9412762	20.46524	4.060095
582	-3431.761	-3685.308	253.5467	0.7774201	4.370442	4.716016
588	-3440.213	-3693.331	253.118	0.8782182	13.2802	3.95408
594	-3448.234	-3701.857	253.6234	1.027654	8.976961	3.937375
600	-3435.544	-3687.775	252.2307	1.027654	14.39002	4.298262
606	-3433.881	-3692.189	258.3078	1.027654	0.1588853	3.666113
612	-3428.824	-3687.008	258.1831	1.156229	0.552612	3.155494
618	-3415.265	-3670.869	255.6046	1.060316	3.882957	3.472702
624	-3428.766	-3681.174	252.4086	1.050382	12.41995	4.322064
630	-3426.945	-3681.861	254.9165	1.06624	2.823196	4.104391
636	-3426.053	-3679.156	253.1029	0.8751985	4.473968	4.891256
642	-3436.844	-3689.819	252.9749	0.932654	11.22232	4.160752
648	-3436.55	-3692.995	256.4448	0.9083411	0.7342829	4.160752
654	-3451.65	-3704.575	252.9254	1.006792	16.42427	3.786686
660	-3450.123	-3700.533	250.41	1.085842	83.83962	3.399486
666	-3440.156	-3694.109	253.9525	1.085842	8.554788	3.757489
672	-3437.638	-3695.636	257.998	1.015223	0.2644685	3.674582
678	-3428.098	-3684.041	255.943	1.015223	2.815247	3.545187
684	-3422.192	-3678.043	255.8506	1.020517	3.015625	3.545187
690	-3441.898	-3698.174	256.2765	1.010447	2.152818	3.545187
696	-3434.879	-3687.505	252.6259	0.9851791	14.27811	4.105439
702	-3438.868	-3692.095	253.2262	1.062445	14.27811	3.716952
708	-3426.742	-3678.616	251.8734	0.8499405	21.4681	4.21229
714	-3430.742	-3682.84	252.0977	0.9206985	11.46701	4.642793
720	-3436.467	-3693.89	257.4229	0.9206985	0.06727241	4.444221
726	-3442.426	-3698.586	256.1595	0.9323118	1.30968	3.981504
732	-3427.974	-3681.29	253.3159	0.8999927	7.938039	4.292434
738	-3427.037	-3680.789	253.752	0.8999927	6.896214	4.164814
744	-3429.723	-3685.955	256.2318	1.010153	1.84281	3.677082
750	-3433.247	-3687.378	254.1306	0.9548497	3.66059	4.42257
756	-3427.35	-3680.653	253.3029	0.9390437	6.006216	4.511008
762	-3428.7	-3679.942	251.2413	0.9988739	34.05075	4.008335
768	-3431.342	-3686.382	255.0397	0.9552774	1.773701	4.413805
774	-3436.772	-3689.547	252.7747	0.9583178	7.801836	4.579337
780	-3433.357	-3690.158	256.8012	0.992144	0.430047	4.170805
786	-3430.472	-3683.876	253.404	0.8834794	3.659909	4.86986
792	-3429.015	-3682.437	253.4217	0.9141485	3.528218	4.86986
798	-3430.504	-3683.375	252.8708	0.9141485	5.281564	4.86986
804	-3431.026	-3684.12	253.0945	0.9141485	4.499366	4.86986
810	-3440.99	-3694.989	253.9986	0.916484	6.269783	4.094851
816	-3447.594	-3701.537	253.9437	0.9713571	6.269783	4.094851
822	-3432.586	-3686.569	253.9834	0.9183837	8.693775	3.821887
828	-3427.227	-3682.142	254.9144	0.9081963	1.650534	4.556776
834	-3426.043	-3680.743	254.7001	1.005811	2.782446	4.271987
840	-3439.489	-3696.184	256.6947	1.048196	0.8769329	3.842152
846	-3444.554	-3698.488	253.9341	0.935559	2.903674	4.712241
852	-3442.049	-3698.981	256.9315	0.9800031	0.5825662	3.960318
858	-3440.639	-3693.091	252.451	0.9230865	11.24218	4.46085
864	-3436.168	-3691.574	255.4053	0.8230999	0.8553512	4.713619
870	-3445.315	-3697.372	252.0574	0.8989659	4.519544	5.449111
876	-3439.43	-3694.909	255.4793	0.8989659	1.451362	4.324021
882	-3440.945	-3692.812	251.8672	0.8844025	14.64087	4.567629
888	-3451.834	-3705.419	253.5857	0.9692313	8.940754	3.995962
894	-3449.226	-3701.388	252.1617	0.864668	16.16448	4.318931
900	-3443.934	-3700.964	257.0297	1.074591	1.178615	3.460748
906	-3429.2	-3683.569	254.369	1.00627	10.10251	3.411179
912	-3431.896	-3688.175	256.2792	1.00627	1.152766	3.947481
918	-3426.783	-3680.755	253.9716	1.00627	7.902451	3.862011
924	-3426.799	-3681.98	255.1809	0.9597629	3.472413	3.862011
930	-3432.596	-3688.237	255.6409	0.8685195	1.188025	4.370761
936	-3435.881	-3690.421	254.54	0.9089989	3.197112	4.317276
942	-3429.749	-3682.446	252.6965	0.9890203	9.238856	4.460134
948	-3421.128	-3677.374	256.2461	0.9668816	0.5495421	4.385605
954	-3423.76	-3681.919	258.1595	0.9991097	0.1227991	3.843605
960	-3426.588	-3681.882	255.2932	0.93539	1.645712	4.329886
966	-3426.829	-3682.069	255.2406	0.9879815	1.645712	4.329886
972	-3437.936	-3692.691	254.7552	0.8982538	5.461084	3.785975
978	-3437.33	-3692.955	255.625	1.001507	3.023907	3.685076
984	-3437.767	-3692.356	254.5888	0.9364404	3.594731	4.187371
990	-3438.874	-3694.58	255.7061	0.8822487	2.005321	3.996381
996	-3440.473	-3694.264	253.7901	0.8867924	4.280239	4.534224
1002	-3460.22	-3714.004	253.7842	0.9481412	6.367518	4.185888
1008	-3441.581	-3694.803	253.2224	0.9353025	6.44923	4.500088
1014	-3448.765	-3704.513	255.7482	0.8526363	0.8627688	4.500088
1020	-3454.262	-3704.279	250.0176	0.8041745	17.0855	5.494417
1026	-3464.64	-3715.164	250.5249	0.846192	23.76815	4.870452
1032	-3474.56	-3727.154	252.594	0.9492625	9.996208	4.470763
1038	-3458.009	-3712.502	254.4922	1.060761	6.999723	3.635307
1044	-3448.594	-3703.439	254.8449	1.036988	7.174556	3.422226
1050	-3449.993	-3703.726	253.7325	1.029746	12.52849	3.567336
1056	-3452.677	-3705.18	252.503	1.114863	24.62719	3.55826
1062	-3452.25	-3708.433	256.183	1.114863	1.628158	3.726216
1068	-3452.415	-3705.922	253.5064	1.015276	11.83809	3.759997
1074	-3438.027	-3692.823	254.7966	1.079752	4.990181	3.730893
1080	-3438.076	-3693.038	254.9613	0.941582	2.431342	4.255081
1086	-3437.277	-3689.393	252.1155	0.8023801	13.44686	4.55356
1092	-3434.425	-3689.982	255.557	0.8803155	1.316906	4.350042
1098	-3436.808	-3690.011	253.2031	0.7951704	6.29431	4.609588
1104	-3439.216	-3690.007	250.7904	0.680551	11.88424	5.469611
1110	-3429.298	-3681.555	252.257	0.7946598	5.304615	5.273217
1116	-3445.22	-3698.725	253.505	0.9296196	5.304615	4.502743
1122	-3437.941	-3690.935	252.994	0.9123961	7.909981	4.470134
1128	-3440.54	-3695.968	255.4284	0.9269706	1.286298	4.410454
1134	-3441.339	-3697.766	256.4272	1.056216	1.804445	3.550985
1140	-3446.169	-3699.826	253.6569	0.9858537	5.782545	4.31591
1146	-3446.298	-3700.328	254.0295	0.972607	5.782545	4.112021
1152	-3430.658	-3685.923	255.2652	1.051455	3.628184	3.727382
1158	-3439.622	-3692.718	253.0956	1.051455	17.63347	3.592218
1164	-3428.455	-3684.798	256.3431	1.047938	1.730721	3.632356
1170	-3439.426	-3695.057	255.6317	1.035312	1.764536	4.036015
1176	-3435.838	-3688.915	253.0772	0.8781042	7.12395	4.531179
1182	-3435.172	-3688.942	253.7705	0.9186853	9.112445	3.902188
1188	-3437.536	-3692.28	254.7435	0.9316897	2.544598	4.352222
1194	-3440.115	-3695.572	255.4568	0.934408	2.544598	3.945134
1200	-3445.058	-3699.488	254.43	1.089404	4.51432	4.015795
1206	-3436.902	-3694.491	257.5886	1.071286	1.047474	3.205114
1212	-3428.044	-3677.825	249.7803	0.9620342	38.4574	4.723911
1218	-3430.984	-3682.356	251.3714	0.91232	19.26696	4.567391
1224	-3431.057	-3684.685	253.6281	0.9180919	7.86587	4.112803
1230	-3433.043	-3688.551	255.508	0.9180919	0.6915556	4.714119
1236	-3434.307	-3689.008	254.7004	0.7780447	1.211396	4.93698
1242	-3449.772	-3702.568	252.7967	0.8636451	11.14289	4.307363
1248	-3439.857	-3691.033	251.1762	0.9627404	56.11168	3.506457
1254	-3433.929	-3687.766	253.8362	0.9605909	7.103317	4.057346
1260	-3449.384	-3701.467	252.0831	0.8406092	11.26039	4.712138
1266	-3446.064	-3701.302	255.2382	0.8572766	0.7212536	4.877272
1272	-3448.383	-3700.412	252.0285	0.8173491	9.368879	4.917954
1278	-3448.467	-3700.363	251.8963	0.9829955	25.13714	3.962875
1284	-3450.294	-3704.851	254.5568	0.9558758	4.292624	4.059003
1290	-3451.733	-3704.972	253.239	1.0076	12.49514	3.867775
1296	-3447.619	-3703.515	255.8959	0.9965935	1.219627	4.138137
1302	-3439.699	-3696.679	256.9802	1.045594	1.219627	3.485677
1308	-3435.285	-3690.95	255.665	1.050207	2.655559	3.728461
1314	-3439.927	-3696.651	256.7248	0.9712389	0.6940064	3.994793
1320	-3436.952	-3689.1	252.1476	0.8470279	6.028889	5.203353
1326	-3434.149	-3686.768	252.6188	0.7601763	4.59475	5.203353
1332	-3427.894	-3683.269	255.3751	0.8114444	0.8295667	4.753415
1338	-3431.168	-3686.862	255.6942	0.9779164	1.545975	4.117929
1344	-3435.197	-3688.29	253.0932	0.9779164	14.22526	3.845884
1350	-3438.299	-3693.355	255.0562	0.9779164	2.539535	4.150224
1356	-3432.66	-3690.297	257.637	1.013314	0.3130972	3.816927
1362	-3427.582	-3681.079	253.4974	0.8952701	3.164857	4.916987
1368	-3441.415	-3696.281	254.8658	0.9897794	3.492999	4.020802
1374	-3437.56	-3690.737	253.1771	0.9748669	12.20982	3.943629
1380	-3438.878	-3694.827	255.9485	1.027755	0.934014	4.24454
1386	-3444.799	-3699.861	255.0616	1.046332	7.865591	3.207693
1392	-3429.46	-3682.787	253.327	0.9409684	10.39971	4.02462
1398	-3428.089	-3681.492	253.4033	0.946709	10.39971	3.977734
1404	-3436.969	-3693.643	256.6738	1.038503	0.8588495	3.871288
1410	-3447.614	-3701.747	254.1328	1.038503	6.59685	3.905821
1416	-3447.266	-3702.397	255.1308	1.056803	6.632614	3.311112
1422	-3440.677	-3695.349	254.6718	1.056803	6.694968	3.571586
1428	-3432.335	-3687.774	255.439	1.089178	3.78823	3.571586
1434	-3428.804	-3684.688	255.8846	1.09488	3.78823	3.307527
1440	-3426.622	-3681.878	255.2558	1.024594	0.9322328	4.637671
1446	-3419.485	-3675.983	256.498	1.065794	2.491111	3.27954
1452	-3419.946	-3673.63	253.684	0.9507242	7.641735	4.087316
1458	-3425.546	-3680.141	254.5956	0.9499109	4.553075	3.994158
1464	-3424.85	-3678.312	253.4618	0.9358912	6.257703	4.389693
1470	-3431.995	-3688.204	256.2089	0.8724521	0.5609739	4.449933
1476	-3427.178	-3681.271	254.0937	0.9774617	5.439747	4.122478
1482	-3421.674	-3676.891	255.2169	1.081763	6.630885	3.245808
1488	-3424.266	-3679.233	254.9666	1.042942	6.630885	3.415912
1494	-3428.058	-3682.144	254.0864	1.007697	6.630885	3.94572
1500	-3435.403	-3690.203	254.8004	1.007697	6.671686	3.528311
1506	-3441.652	-3696.613	254.9614	1.007697	4.909526	3.690514
1512	-3432.779	-3688.471	255.6923	1.007697	1.982939	3.940043
1518	-3429.381	-3685.283	255.9019	0.95351	0.7659116	4.420297
1524	-3446.437	-3702.679	256.2422	0.8515795	0.3217497	4.688264
1530	-3445.642	-3699.713	254.0719	0.8571346	2.866124	4.688264
1536	-3440.381	-3693.547	253.1659	0.9628729	8.253814	4.308087
1542	-3443.051	-3696.49	253.439	0.8598971	4.450424	4.716243
1548	-3448.37	-3702.409	254.038	0.88261	3.092162	4.638827
1554	-3443.328	-3696.734	253.4053	0.8544218	5.056682	4.638827
1560	-3433.332	-3687.583	254.2503	0.9677749	3.030777	4.486205
1566	-3437.061	-3691.332	254.2714	0.9553316	6.383005	3.901794
1572	-3439.566	-3693.515	253.9486	0.9153002	5.300884	4.261032
1578	-3435.179	-3688.78	253.6013	0.8198032	6.175441	4.387375
1584	-3439.429	-3691.917	252.4877	0.8234275	7.383749	4.861694
1590	-3435.318	-3688.937	253.6181	0.8780558	9.387384	3.986261
1596	-3439.684	-3693.307	253.6236	0.781027	7.331123	4.253482
1602	-3437.473	-3690.361	252.8878	0.9184288	7.331123	4.59082
1608	-3442.43	-3698.946	256.5159	0.906394	0.4191833	4.392239
1614	-3435.436	-3689.569	254.1331	0.7974743	2.182531	4.874415
1620	-3440.65	-3694.915	254.265	0.8550795	2.19223	4.765728
1626	-3440.835	-3694.598	253.7628	0.9320801	5.722456	4.294911
1632	-3446.641	-3698.375	251.7343	1.02797	19.32153	4.294911
1638	-3434.23	-3688.723	254.493	0.8914499	3.011541	4.397074
1644	-3437.389	-3693.106	255.717	0.8914499	1.525778	4.162418
1650	-3440.727	-3694.693	253.9663	0.7894861	3.35556	4.671974
1656	-3454.947	-3709.2	254.2529	0.8619955	4.235352	4.295368
1662	-3455.723	-3707.906	252.1838	0.8942801	9.382424	4.787254
1668	-3451.956	-3704.57	252.6132	0.8770952	7.932416	4.701237
1674	-3437.764	-3691.89	254.1266	0.9551201	4.972184	4.188645
1680	-3449.146	-3703.695	254.5494	0.8443826	0.7265065	5.262819
1686	-3451.713	-3705.891	254.1777	0.9439036	1.90975	4.855635
1692	-3443.372	-3696.36	252.9875	0.9640674	8.247712	4.40881
1698	-3452.43	-3705.266	252.8359	0.9565164	17.1671	3.823753
1704	-3449.372	-3703.936	254.5641	0.8819538	2.195351	4.582237
1710	-3441.846	-3697.816	255.9699	1.029165	2.522115	3.601057
1716	-3436.934	-3691.57	254.636	0.9447478	2.906666	4.311635
1722	-3451.728	-3706.3	254.5717	0.8599583	2.906666	4.395818
1728	-3441.833	-3697.807	255.9745	0.9282526	2.021744	3.810579
1734	-3434.569	-3686.167	251.5985	0.8720848	17.13566	4.576014
1740	-3442.506	-3696.637	254.1309	0.9078292	3.077509	4.576014
1746	-3445.933	-3699.159	253.2255	0.8036394	3.077509	5.138806
1752	-3449.384	-3700.977	251.5932	0.8096982	9.560946	5.146247
1758	-3443.168	-3697.023	253.8544	0.8824459	3.68385	4.613845
1764	-3428.066	-3682.628	254.562	0.9367949	3.68385	4.184
1770	-3431.219	-3688.013	256.7942	0.9695755	0.4814266	4.136071
1776	-3428.565	-3680.793	252.2282	0.979405	18.08699	4.107101
1782	-3422.452	-3678.31	255.8574	1.081128	2.596587	3.615314
1788	-3429.382	-3682.362	252.98	0.9043215	6.264925	4.677297
1794	-3422.814	-3676.289	253.4755	0.9477659	6.46595	4.348235
1800	-3427.391	-3678.975	251.5833	1.031385	28.30213	3.990753
1806	-3421.425	-3675.124	253.6985	0.8584135	5.723527	4.372725
1812	-3411.853	-3666.532	254.6786	0.8821883	2.995151	4.301347
1818	-3419.952	-3676.675	256.7228	1.008184	1.10982	3.713747
1824	-3427.235	-3680.755	253.5201	1.149193	8.57386	3.967524
1830	-3421.639	-3677.263	255.6239	1.121812	4.264909	3.351072
1836	-3425.572	-3680.554	254.982	1.042611	2.225576	4.246762
1842	-3427.727	-3682.215	254.4881	1.018888	2.560894	4.442709
1848	-3434.898	-3686.94	252.0418	1.052745	14.02874	4.414662
1854	-3438.376	-3693.664	255.288	1.12294	3.841944	3.62876
1860	-3434.439	-3690.065	255.6263	0.9469507	1.342874	4.261312
1866	-3439.294	-3694.872	255.5778	1.006845	1.540213	4.170033
1872	-3441.239	-3695.298	254.0585	1.054267	11.87595	3.41355
1878	-3462.618	-3716.224	253.6058	0.9259072	10.16107	3.894695
1884	-3456.867	-3709.331	252.4643	0.9020531	15.89735	4.142147
1890	-3446.882	-3701.316	254.4336	0.8542569	4.125066	4.21765
1896	-3445.155	-3699.713	254.5583	0.8542569	2.245354	4.585894
1902	-3445.507	-3696.751	251.2444	0.8294876	15.78494	4.875912
1908	-3451.608	-3704.643	253.0349	0.7325156	3.358913	5.221074
1914	-3452.971	-3704.075	251.1036	0.8760792	15.29037	4.958241
1920	-3441.535	-3696.86	255.3249	0.8083894	1.073595	4.640991
1926	-3445.1	-3697.594	252.4947	0.9276617	11.64027	4.402092
1932	-3441.868	-3694.575	252.7069	0.9504885	11.64027	4.269291
1938	-3442.823	-3696.243	253.4199	0.9374233	8.290741	4.174672
1944	-3451.01	-3706.924	255.9134	0.886907	1.252364	4.174672
1950	-3451.356	-3704.153	252.7972	0.868515	9.326367	4.463041
1956	-3449.004	-3703.905	254.901	0.86685	1.167432	4.797204
1962	-3448.558	-3703.618	255.0604	0.8642471	1.293184	4.649367
1968	-3445.593	-3699.096	253.5036	0.8194894	4.453764	4.702123
1974	-3447.97	-3701.36	253.39	0.8696364	4.397287	4.747414
1980	-3434.226	-3688.349	254.1235	0.9492231	3.788655	4.404001
1986	-3448.661	-3700.175	251.5139	0.9847146	27.01111	4.105692
1992	-3440.032	-3695.668	255.6367	0.978714	1.657959	4.105692
1998	-3451.218	-3704.924	253.7064	1.017432	10.55973	3.749116
2004	-3445.398	-3700.98	255.582	1.042522	2.378847	3.858629
2010	-3450.161	-3704.164	254.0025	0.9307292	4.389398	4.370495
2016	-3445.431	-3702.13	256.6992	1.065748	1.531051	3.494858
2022	-3436.916	-3691.759	254.8429	0.9319836	2.723465	4.248104
2028	-3450.504	-3704.379	253.8751	1.029755	3.940392	4.468997
2034	-3433.599	-3688.713	255.1141	1.00464	4.063997	3.754116
2040	-3432.825	-3689.623	256.7976	1.023114	1.219469	3.605164
2046	-3439.72	-3695.55	255.8298	1.115304	3.037288	3.496742
2052	-3447.844	-3700.893	253.0492	1.06507	20.19388	3.474372
2058	-3446.333	-3699.972	253.6386	1.166372	25.73962	2.806
2064	-3451.166	-3704.906	253.7401	1.26863	25.80307	2.678727
2070	-3439.319	-3694.87	255.5506	1.249017	8.88178	2.678727
2076	-3435.091	-3692.782	257.6909	1.249017	2.679697	2.387603
2082	-3427.229	-3683.814	256.5851	1.159572	3.392694	2.938539
2088	-3426.397	-3681.381	254.9846	1.157316	7.026484	3.28769
2094	-3429.846	-3686.584	256.7384	1.108374	2.469822	3.118058
2100	-3429.976	-3681.584	251.6075	1.033991	33.18787	3.805842
2106	-3430.76	-3685.992	255.2326	0.924653	2.623335	4.057297
2112	-3422.277	-3675.787	253.5099	0.848155	3.578837	4.847048
2118	-3430.225	-3682.427	252.2022	1.031816	13.35616	4.381818
2124	-3431.968	-3684.82	252.8521	1.043141	13.35616	4.006432
2130	-3426.011	-3680.734	254.7231	0.840709	1.040189	4.976688
2136	-3442.152	-3696.079	253.9271	0.7603564	2.341149	4.962713
2142	-3443.915	-3699.75	255.8354	0.7936291	0.4338519	4.822047
2148	-3442.541	-3697.556	255.0151	0.9128653	3.805785	3.914428
2154	-3449.388	-3701.056	251.6678	0.8999297	21.81991	4.284192
2160	-3454.155	-3708.68	254.5245	0.9866095	3.086943	4.30764
2166	-3450.743	-3708.246	257.5028	0.9866095	0.2504954	3.99635
2172	-3442.647	-3693.436	250.7887	0.8636176	36.76954	4.26004
2178	-3437.72	-3691.492	253.7719	0.7027354	2.447703	5.050782
2184	-3443.264	-3695.378	252.1134	0.7183535	12.76464	4.649865
2190	-3428.047	-3681.783	253.736	0.9264511	4.311554	4.536764
2196	-3439.55	-3692.151	252.6016	0.8119262	5.122064	5.100338
2202	-3432.318	-3688.238	255.9198	0.9059169	1.59566	4.010264
2208	-3432.776	-3687.28	254.504	0.9637153	2.403303	4.508684
2214	-3429.436	-3681.381	251.9443	0.8876839	16.13631	4.430322
2220	-3419.815	-3675.202	255.3875	0.9449658	1.2715	4.430322
2226	-3432.416	-3683.972	251.5557	0.9351768	17.97498	4.518549
2232	-3431.612	-3685.84	254.2281	0.8868546	2.43232	4.698321
2238	-3420.171	-3675.217	255.0461	0.8868546	2.492909	4.220656
2244	-3430.49	-3687.465	256.975	1.07752	2.492909	2.988218
2250	-3431.338	-3687.748	256.4094	1.100383	1.718399	3.568123
2256	-3426.928	-3680.68	253.7522	1.01899	10.5914	3.719009
2262	-3423.017	-3677.991	254.9746	1.105992	4.444343	3.705757
2268	-3423.532	-3680.184	256.6521	1.159561	1.169393	3.635809
2274	-3429.826	-3686.86	257.0342	1.119513	1.420069	3.315418
2280	-3441.416	-3695.119	253.7028	1.085831	12.53803	3.551294
2286	-3439.208	-3693.098	253.8908	1.085831	6.792746	3.992599
2292	-3434.499	-3689.262	254.7631	1.061784	6.792746	3.503049
2298	-3444.126	-3697.888	253.7619	1.061784	12.90976	3.503049
2304	-3449.06	-3704.531	255.4707	1.137833	6.684709	3.054534
2310	-3452.103	-3708.946	256.8433	1.137833	1.579496	3.348016
2316	-3448.229	-3704.102	255.8726	1.067926	2.919214	3.52883
2322	-3441.272	-3697.383	256.1113	1.016691	1.606284	3.832818
2328	-3443	-3698.329	255.3292	0.9340568	3.286401	3.832818
2334	-3444.269	-3696.943	252.6737	0.8758981	10.15929	4.452839
2340	-3439.167	-3691.108	251.9411	0.9862641	8.916685	4.915369
2346	-3434.276	-3690.921	256.6453	1.15568	1.489624	3.49148
2352	-3431.204	-3684.469	253.2657	1.155034	16.62534	3.49148
2358	-3433.095	-3684.87	251.775	1.164753	50.43961	3.160284
2364	-3430.613	-3685.005	254.3925	1.109461	8.00222	3.54804
2370	-3435.626	-3689.586	253.9597	1.062492	3.434463	4.505455
2376	-3435.303	-3688.047	252.744	1.022021	17.61929	3.813299
2382	-3423.53	-3677.022	253.4926	1.065165	16.19755	3.437337
2388	-3420.361	-3676.342	255.9806	1.036815	1.990717	3.754937
2394	-3431.975	-3690.567	258.5921	1.118785	0.2010928	3.369083
2400	-3435.627	-3690.061	254.4344	1.144979	7.152041	3.601361
2406	-3434.066	-3687.752	253.6852	0.9322632	7.152041	4.153622
2412	-3434.506	-3687.846	253.3405	0.9112154	6.816329	4.401199
2418	-3443.886	-3697.828	253.9421	1.015189	6.664881	4.019657
2424	-3428.457	-3680.766	252.3093	0.948839	16.39016	4.174191
2430	-3430.196	-3685.052	254.856	0.9648544	4.643134	3.820744
2436	-3430.564	-3685.748	255.1842	0.9648544	3.301498	3.894987
2442	-3420.998	-3674.349	253.3513	1.049877	11.9524	3.820464
2448	-3430.019	-3681.774	251.7541	1.003479	17.90019	4.372309
2454	-3423.997	-3678.757	254.76	0.9934125	4.736255	3.843721
2460	-3427.1	-3679.851	252.7504	0.9639841	8.210349	4.54621
2466	-3431.691	-3685.25	253.5586	0.9315466	8.210349	4.10762
2472	-3428.696	-3682.488	253.7927	0.9426808	4.71748	4.426009
2478	-3435.216	-3690.145	254.9284	1.010774	2.53467	4.205538
2484	-3432.195	-3686.304	254.1091	1.079079	9.807113	3.547708
2490	-3433.691	-3692.074	258.3821	1.130243	0.0991278	3.695107
2496	-3437.634	-3694.098	256.4638	1.032361	1.639144	3.606996
2502	-3443.653	-3695.828	252.1753	1.015006	16.21398	4.22315
2508	-3439.829	-3696.401	256.5722	1.002	0.556827	4.174748
2514	-3426.013	-3680.348	254.335	0.9735328	9.871109	3.471618
2520	-3426.532	-3683.268	256.7363	1.131774	1.173385	3.601035
2526	-3438.479	-3694.365	255.8856	0.9166918	2.094828	3.844258
2532	-3436.808	-3689.582	252.7742	0.9126224	6.744615	4.727151
2538	-3436.569	-3692.099	255.5298	1.031378	2.089038	3.984338
2544	-3440.255	-3693.83	253.5747	0.9003249	6.497249	4.314957
2550	-3441.249	-3695.93	254.6812	0.8729916	1.936869	4.604587
2556	-3434.13	-3687.16	253.0304	0.7644257	5.407374	4.84574
2562	-3434.468	-3691.24	256.7721	1.09838	3.354783	2.87139
2568	-3430.478	-3686.957	256.4789	1.215363	2.745045	3.130914
2574	-3429.187	-3683.569	254.3817	1.020447	10.32946	3.374809
2580	-3434.961	-3688.766	253.8055	1.126876	18.10291	3.103903
2586	-3440.35	-3693.421	253.0714	1.027319	13.91241	3.851224
2592	-3440.683	-3695.282	254.5992	0.9139565	5.188735	3.908302
2598	-3442.967	-3695.777	252.8102	0.9259413	6.407659	4.741729
2604	-3438.556	-3690.119	251.5628	0.7896141	8.864423	5.239255
2610	-3441.227	-3692.716	251.4889	0.8689191	11.72623	4.991234
2616	-3439.785	-3692.349	252.5648	0.795878	7.288385	4.844908
2622	-3443.37	-3697.343	253.9735	0.7892954	1.593384	5.169509
2628	-3436.315	-3691.783	255.467	0.7367813	1.007291	4.637564
2634	-3432.859	-3688.219	255.36	0.8437874	1.007291	4.637564
2640	-3443.416	-3699.919	256.5027	0.9161998	1.042036	3.930181
2646	-3429.92	-3686.746	256.8263	0.9161998	0.4334175	4.19619
2652	-3432.762	-3689.279	256.5169	0.9161998	0.1315908	4.800824
2658	-3434.56	-3688.037	253.4763	0.8790398	10.36428	3.977788
2664	-3441.408	-3695.064	253.6558	1.036071	8.602611	3.95166
2670	-3450.365	-3702.873	252.5083	1.087349	16.45006	3.978314
2676	-3446.935	-3703.614	256.679	0.9673147	1.426488	3.609094
2682	-3446.998	-3700.979	253.9816	0.9810327	11.40505	3.539355
2688	-3447.104	-3700.856	253.7518	1.147275	24.05441	2.823088
2694	-3439.63	-3695.091	255.4612	1.064292	4.289878	3.47542
2700	-3452.829	-3707.603	254.7739	0.9886565	4.289878	3.916681
2706	-3444.133	-3697.581	253.4486	0.8673731	6.749338	4.373147
2712	-3444.931	-3697.671	252.7399	1.004305	10.28953	4.331704
2718	-3453.336	-3706.421	253.0855	0.79737	3.199925	5.191998
2724	-3447.994	-3704.486	256.4917	0.8272995	0.5616982	4.315193
2730	-3450.414	-3703.373	252.9589	0.8743146	10.74278	4.242568
2736	-3440.528	-3692.553	252.0248	0.8743146	14.00837	4.52603
2742	-3445.193	-3697.301	252.1076	0.9468696	16.20378	4.300687
2748	-3444.357	-3697.206	252.848	0.9337773	9.140315	4.415279
2754	-3443.253	-3699.186	255.9328	0.9362495	1.307715	4.10951
2760	-3458.971	-3712.141	253.1701	0.8886035	9.843959	4.193093
2766	-3454.679	-3707.103	252.4238	0.8851167	5.403158	5.116386
2772	-3445.522	-3700.374	254.8516	0.8895124	0.9699957	4.916991
2778	-3458.828	-3709.871	251.0432	0.8280641	13.10725	5.160495
2784	-3456.529	-3709.158	252.6291	0.8669478	6.33124	4.885479
2790	-3454.415	-3709.732	255.3164	0.8669478	1.230107	4.533883
2796	-3443.829	-3698.188	254.3587	0.8878249	4.784157	4.125527
2802	-3446.542	-3700.26	253.7172	0.8395102	2.997612	4.864371
2808	-3444.961	-3699.172	254.2111	1.1054	8.492743	3.603007
2814	-3439.867	-3693.443	253.5759	0.9233952	4.472127	4.600229
2820	-3437.899	-3692.938	255.0393	0.8784028	2.007543	4.376475
2826	-3435.434	-3689.616	254.1827	1.022625	6.835839	3.856178
2832	-3429.732	-3686.693	256.961	1.01987	1.503392	3.380299
2838	-3417.653	-3673.574	255.9214	0.9952589	1.774494	3.889479
2844	-3422.754	-3677.551	254.7969	0.9813079	1.764579	4.539137
2850	-3418.504	-3673.264	254.7604	0.9813079	5.301925	3.759338
2856	-3416.472	-3670.289	253.8174	1.063572	11.00896	3.619726
2862	-3420.095	-3675.998	255.903	1.083335	1.864468	3.816815
2868	-3427.641	-3682.44	254.7989	0.991285	3.945253	3.965774
2874	-3426.476	-3681.545	255.0692	0.9554453	1.738145	4.410103
2880	-3430.121	-3686.236	256.1156	1.039154	1.455485	3.880065
2886	-3437.904	-3692.87	254.9661	1.052464	5.495298	3.569537
2892	-3430.224	-3688.226	258.0021	1.048994	0.1508076	3.846225
2898	-3435.897	-3693.089	257.1916	1.003461	0.7388639	3.674794
2904	-3431.695	-3689.778	258.0829	1.070413	0.3965858	3.423681
2910	-3421.888	-3676.613	254.7249	1.124856	6.246723	3.56026
2916	-3427.531	-3685.062	257.5307	0.9696919	0.3945943	3.80482
2922	-3436.089	-3689.63	253.5404	0.9696919	6.533117	4.290561
2928	-3430.591	-3684.398	253.8073	1.058606	5.40608	4.244057
2934	-3427.903	-3681.834	253.9306	0.9398741	5.40608	4.241452
2940	-3443.816	-3699.01	255.1931	0.8545871	1.700771	4.411023
2946	-3436.29	-3691.081	254.7914	0.868047	1.700771	4.629335
2952	-3449.273	-3704.226	254.9528	1.084559	3.689355	3.875392
2958	-3447.599	-3703.733	256.1338	0.8988862	0.3211918	4.723153
2964	-3446.558	-3700.544	253.9862	0.9587133	4.820381	4.290743
2970	-3443.651	-3697.593	253.9412	1.013685	7.103322	3.967058
2976	-3442.191	-3698.293	256.1014	1.005283	0.7231197	4.308483
2982	-3437.956	-3694.142	256.1855	0.996214	0.8195635	4.199649
2988	-3440.03	-3694.112	254.0822	0.9770566	5.978847	4.052023
2994	-3436.828	-3692.856	256.0274	0.9537144	1.250529	4.072714
3000	-3436.94	-3690.402	253.4617	0.94905	13.98182	3.666496
3006	-3435.777	-3690.223	254.4454	0.9515878	1.868398	4.716034
3012	-3439.051	-3695.235	256.1846	0.9515878	1.868398	3.729024
3018	-3450.139	-3706.117	255.9781	0.9429523	2.155626	3.756267
3024	-3449.896	-3702.496	252.5995	0.8416861	8.312079	4.688835
3030	-3447.709	-3701.83	254.1209	0.8934652	5.655054	4.123269
3036	-3437.327	-3690.771	253.4441	0.9472891	5.655054	4.475738
3042	-3441.288	-3690.699	249.4109	0.8144826	45.5983	4.828676
3048	-3432.305	-3687.343	255.0384	0.8826573	1.150528	4.720022
3054	-3438.884	-3692.897	254.0134	0.9642073	3.85667	4.444225
3060	-3431.922	-3685.594	253.6719	0.9249124	3.736727	4.681695
3066	-3429.956	-3683.761	253.8048	1.138413	9.134989	3.753892
3072	-3426.598	-3682.76	256.1615	1.056032	1.66292	3.758844
3078	-3422.979	-3678.251	255.2714	0.9983977	3.084425	3.876025
3084	-3426.982	-3680.253	253.2706	1.026159	12.00952	3.876025
3090	-3425.242	-3679.276	254.0338	1.008529	10.70825	3.55169
3096	-3427.833	-3681.542	253.7091	1.139441	10.70825	3.664179
3102	-3429.224	-3686.17	256.946	0.9553301	1.761809	3.322493
3108	-3430.794	-3687.633	256.839	1.062285	1.761809	3.322493
3114	-3430.368	-3684.227	253.8595	0.9364699	9.084343	3.843638
3120	-3430.99	-3685.137	254.1468	0.9364699	7.678291	3.82647
3126	-3421.78	-3673.879	252.0991	0.9744425	10.23285	4.713637
3132	-3418.345	-3675.553	257.2079	0.9744425	0.9205455	3.560763
3138	-3418.53	-3676.624	258.094	1.043382	0.2939728	3.560763
3144	-3426.331	-3681.487	255.1558	1.090065	3.921609	3.708419
3150	-3430.171	-3685.713	255.542	0.9351119	2.648066	3.867579
3156	-3431.004	-3686.374	255.3703	0.9955427	3.388755	3.750749
3162	-3428.158	-3685.048	256.8895	0.8255255	0.4779786	4.167136
3168	-3433.679	-3686.446	252.7666	0.8974246	10.74747	4.33793
3174	-3445.379	-3699.676	254.2964	0.9056873	6.877303	3.852881
3180	-3442.523	-3697.259	254.7357	0.8646149	1.133464	4.907633
3186	-3448.196	-3700.506	252.3099	0.8949335	11.36163	4.546507
3192	-3445.106	-3698.899	253.7932	0.9750482	7.100583	4.073941
3198	-3438.372	-3693.715	255.3428	0.972091	1.821199	4.215752
3204	-3439.524	-3694.436	254.912	1.001868	6.50103	3.488883
3210	-3441.762	-3697.237	255.4744	0.9901747	4.127778	3.541521
3216	-3445.137	-3697.19	252.0529	0.9986875	14.52628	4.40619
3222	-3438.816	-3694	255.184	0.9167766	1.12935	4.630152
3228	-3427.427	-3682.959	255.5313	0.9654074	4.095007	3.529092
3234	-3422.327	-3677.738	255.411	0.9927141	3.408544	3.724479
3240	-3430.496	-3685.593	255.097	0.9186765	2.341972	4.216948
3246	-3432.078	-3686.918	254.8399	1.015734	5.238547	3.703394
3252	-3434.41	-3685.504	251.0941	0.8875319	19.00293	4.750049
3258	-3433.027	-3684.606	251.5783	0.9661062	14.11411	4.717923
3264	-3427.591	-3679.948	252.3568	0.9081036	12.3179	4.439171
3270	-3424.848	-3680.917	256.0685	0.8818011	0.6793093	4.428913
3276	-3435.004	-3690.652	255.6482	0.8826334	1.626313	4.166156
3282	-3432.163	-3687.448	255.2856	0.9040153	2.538392	4.062064
3288	-3429.07	-3685.316	256.2459	1.139465	1.942996	3.558275
3294	-3433.281	-3689.534	256.2531	1.161368	3.885103	3.02925
3300	-3443.743	-3700.275	256.5326	1.199092	2.520688	3.171596
3306	-3449.528	-3706.794	257.2663	1.095989	0.7955961	3.537635
3312	-3450.333	-3705.351	255.0181	1.077564	7.608995	3.244587
3318	-3443.653	-3700.829	257.1763	1.101477	0.8750453	3.533961
3324	-3440.739	-3693.652	252.9133	1.003127	16.24681	3.806429
3330	-3432.882	-3685.603	252.7209	0.9775568	15.51979	3.975905
3336	-3433.585	-3689.553	255.9686	1.073649	3.768573	3.274598
3342	-3439.64	-3692.612	252.9718	1.084026	27.1072	3.19906
3348	-3436.462	-3691.103	254.6407	1.168149	7.247741	3.456135
3354	-3435.076	-3690.099	255.0223	1.045754	6.078005	3.456135
3360	-3447.837	-3705.499	257.6621	1.17745	0.9381371	3.163795
3366	-3445.906	-3701.849	255.9427	1.137775	4.21001	3.163795
3372	-3445.396	-3700.413	255.0172	1.086402	7.148602	3.295165
3378	-3449.529	-3703.624	254.0956	0.8947579	7.12876	3.943709
3384	-3454.576	-3707.878	253.302	0.9917007	5.765766	4.515072
3390	-3455.923	-3712.946	257.0228	1.166789	2.444765	2.920087
3396	-3450.613	-3705.899	255.2859	1.108586	5.026836	3.423751
3402	-3443.39	-3699.243	255.8536	0.9160122	1.746287	3.984187
3408	-3448.897	-3701.598	252.7008	1.005119	18.20436	3.815495
3414	-3449.862	-3706.063	256.2015	0.9035295	0.8689324	4.211419
3420	-3433.181	-3684.622	251.4416	0.758279	14.22932	4.902626
3426	-3445.813	-3698.383	252.5701	0.940454	12.7478	4.268762
3432	-3442.11	-3694.017	251.9074	0.940454	20.18464	4.20318
3438	-3448.438	-3703.413	254.9754	0.9381385	1.843042	4.434934
3444	-3434.763	-3688.633	253.8696	0.8704835	4.008298	4.548743
3450	-3433.604	-3686.389	252.7846	0.8029045	9.127431	4.525899
3456	-3439.708	-3691.212	251.5042	0.8119085	22.22702	4.407859
3462	-3430.657	-3686.69	256.0334	0.9486226	2.670288	3.569884
3468	-3424.562	-3679.615	255.0528	0.9499024	2.670288	4.13272
3474	-3430.832	-3684.253	253.4212	0.9742119	13.27449	3.725017
3480	-3433.596	-3687.06	253.4641	0.9795211	13.84647	3.656809
3486	-3430.303	-3687.36	257.0568	1.01151	1.404545	3.372625
3492	-3427.795	-3682.649	254.8535	1.054587	5.659141	3.609291
3498	-3430.921	-3687.127	256.2066	1.019549	2.512793	3.471462
3504	-3442.068	-3697.237	255.1683	1.0225	2.15192	4.175322
3510	-3449.363	-3707.785	258.4222	1.130843	0.08987623	3.694797
3516	-3441.733	-3697.551	255.8179	0.9587421	1.872964	3.934158
3522	-3439.118	-3694.617	255.4992	0.9838101	2.078654	4.032358
3528	-3440.469	-3693.207	252.7379	1.021745	15.06353	3.969573
3534	-3438.741	-3690.874	252.1331	0.8376501	15.06353	4.417498
3540	-3421.393	-3676.4	255.0072	0.9661311	2.980059	4.070739
3546	-3429.881	-3683.256	253.3752	1.023232	11.49385	3.858367
3552	-3427.467	-3681.055	253.5881	1.118962	13.18405	3.550832
3558	-3428.541	-3685.693	257.1522	1.053404	0.9781004	3.512367
3564	-3446.668	-3699.428	252.7607	1.108078	12.45786	4.086668
3570	-3444.716	-3699.572	254.8557	0.9685378	3.282172	4.085015
3576	-3443.877	-3698.713	254.8366	0.8918593	2.549341	4.320869
3582	-3439.968	-3693.064	253.0959	0.8916039	8.916487	4.320869
3588	-3436.553	-3691.998	255.445	0.8732263	1.540564	4.320869
3594	-3426.859	-3681.293	254.434	0.8702584	2.910035	4.466822
3600	-3421.624	-3678.479	256.8552	0.9538993	0.8157467	3.843943
3606	-3431.393	-3686.427	255.0333	1.009554	5.147969	3.609207
3612	-3422.443	-3675.917	253.4743	1.048308	13.29748	3.649789
3618	-3427.085	-3682.975	255.89	0.9668981	2.086794	3.815464
3624	-3422.24	-3676.045	253.8049	0.9653254	9.530658	3.815464
3630	-3428.091	-3683.803	255.7118	0.9849693	0.9419869	4.397824
3636	-3419.072	-3674.308	255.2367	0.9231016	3.130155	3.928305
3642	-3425.371	-3682.779	257.4083	0.8898668	0.2621349	4.08843
3648	-3433.602	-3685.824	252.2225	0.9070671	15.42488	4.305308
3654	-3434.575	-3685.427	250.8519	0.96211	32.34563	4.305308
3660	-3430.762	-3687.832	257.0696	1.00803	1.405204	3.366851
3666	-3432.963	-3688.314	255.3509	0.998268	4.419872	3.554404
3672	-3443.469	-3696.732	253.2629	0.9193229	11.83066	3.955602
3678	-3436.964	-3692.805	255.8407	0.9280784	1.233104	4.201853
3684	-3433.345	-3689.747	256.4018	0.9280784	1.233104	3.881682
3690	-3427.151	-3683.135	255.9846	0.8961703	1.021819	4.248029
3696	-3432.948	-3689.07	256.1221	0.9578585	0.8338269	4.248029
3702	-3426.261	-3681.703	255.4416	0.8848962	1.047302	4.546704
3708	-3430.217	-3685.326	255.1088	0.9830971	2.65788	4.085283
3714	-3429.731	-3686.778	257.0469	0.983273	0.7593523	3.755399
3720	-3423.64	-3677.922	254.282	0.939292	4.772142	4.141877
3726	-3432.383	-3688.196	255.8131	1.000711	2.33768	3.761916
3732	-3429.861	-3688.021	258.1599	1.053931	0.5002291	3.279226
3738	-3428.354	-3684.417	256.0626	1.049682	1.735638	3.791552
3744	-3430.548	-3685.862	255.3145	1.036675	4.103852	3.611959
3750	-3442.747	-3700.132	257.3858	1.046895	0.1536939	4.193624
3756	-3437.785	-3695.284	257.4987	1.046895	0.4987248	3.671019
3762	-3435.022	-3688.902	253.8803	1.068481	9.976562	3.671019
3768	-3434.288	-3691.304	257.0155	1.026145	0.5419986	3.921168
3774	-3439.517	-3692.134	252.6169	1.036922	24.65459	3.536112
3780	-3429.408	-3686.652	257.2438	0.9699812	0.542148	3.822222
3786	-3437.887	-3693.971	256.0838	0.9839623	1.269973	4.013958
3792	-3434.154	-3690.745	256.5911	0.9990431	1.350607	3.675918
3798	-3436.026	-3692.924	256.898	1.055075	1.783647	3.283704
3804	-3425.918	-3683.614	257.696	0.9830416	0.2611446	3.872043
3810	-3425.971	-3680.834	254.8626	1.064637	6.59467	3.468759
3816	-3432.034	-3687.528	255.4934	1.155739	6.59467	3.042245
3822	-3435.905	-3691.243	255.3378	1.042403	4.011693	3.612912
3828	-3446.069	-3702.006	255.9371	1.05678	0.9634834	4.217128
3834	-3456.248	-3709.175	252.9276	0.9057431	13.223	4.051182
3840	-3441.016	-3696.059	255.0428	0.9614426	2.935641	4.06404
3846	-3433.537	-3688.465	254.9273	0.9614426	4.123718	3.875116
3852	-3435.068	-3692.705	257.6379	1.051777	0.3334095	3.768249
3858	-3425.755	-3682.889	257.134	0.9217845	0.1564886	4.401451
3864	-3428.623	-3685.33	256.7065	0.9443202	0.5893509	4.10341
3870	-3432.897	-3688.888	255.9911	0.9443202	0.9831171	4.238962
3876	-3436.366	-3689.013	252.6471	1.031083	17.23873	3.885299
3882	-3437.115	-3690.247	253.1318	1.032842	5.248645	4.662663
3888	-3432.701	-3687.039	254.3379	0.9296058	3.374225	4.380263
3894	-3435.509	-3691.74	256.2311	0.9654731	1.317272	3.917981
3900	-3440.796	-3696.819	256.0231	0.9728028	2.304215	3.666803
3906	-3436.784	-3694.881	258.0968	1.093835	0.5574182	3.239201
3912	-3436.544	-3692.666	256.1222	1.201259	3.071996	3.266221
3918	-3438.465	-3695.771	257.3062	1.201259	2.065306	2.850524
3924	-3447.647	-3706.592	258.9453	1.238551	0.7605305	2.467968
3930	-3440.216	-3697.734	257.5185	1.113606	0.4119176	3.709752
3936	-3441.786	-3693.882	252.0958	1.034642	22.49116	3.933219
3942	-3441.786	-3692.905	251.1192	1.01116	17.18307	4.763912
3948	-3438.681	-3694.544	255.8629	1.01116	2.500261	3.679687
3954	-3450.617	-3704.28	253.6632	0.9247026	5.052184	4.455184
3960	-3449.444	-3705.012	255.5678	0.843931	1.187351	4.426175
3966	-3459.806	-3710.968	251.1621	0.806705	21.71458	4.626389
3972	-3449.141	-3701.912	252.7709	0.8699154	15.01123	4.040807
3978	-3446.696	-3698.82	252.1236	0.8236211	17.73452	4.274124
3984	-3443.109	-3697.154	254.0451	0.8787029	3.544374	4.537556
3990	-3444.238	-3695.706	251.4682	0.8531371	20.3613	4.492044
3996	-3431.583	-3686.734	255.1514	0.8522318	1.556093	4.492044
4002	-3427.911	-3681.782	253.871	0.8735593	3.946605	4.557921
4008	-3430.486	-3686.8	256.3145	1.058235	2.273878	3.456891
4014	-3430.138	-3685.508	255.37	1.031509	2.273878	4.017686
4020	-3444.775	-3697.918	253.1427	1.023408	15.13908	3.731185
4026	-3436.1	-3692.045	255.9452	1.026046	3.369913	3.403001
4032	-3436.899	-3692.135	255.235	0.9636001	2.227415	4.147436
4038	-3441.737	-3695.431	253.6947	0.9568677	6.89006	4.165815
4044	-3446.186	-3700.848	254.662	0.9995196	7.540365	3.507477
4050	-3432.927	-3690.784	257.8571	1.01729	0.4707493	3.507477
4056	-3435.898	-3693.143	257.2448	0.9041866	0.2998225	4.121199
4062	-3423.833	-3680.283	256.4501	0.908742	0.4269064	4.419973
4068	-3433.739	-3689.059	255.3203	0.8987556	1.437154	4.419973
4074	-3430.013	-3687.245	257.2325	0.8939253	0.4463191	3.964107
4080	-3436.577	-3691.757	255.1798	1.106086	3.298384	3.817066
4086	-3431.623	-3688.809	257.1862	1.106086	0.8168802	3.563847
4092	-3430.556	-3687.872	257.3161	1.195297	0.9743282	3.335587
4098	-3435.617	-3692.387	256.7696	1.2118	1.737517	3.284637
4104	-3444.946	-3702.257	257.3111	1.278094	2.014144	2.818828
4110	-3446.414	-3703.778	257.3636	1.181303	2.0912	2.818828
4116	-3446.867	-3703.279	256.4125	1.103381	1.373748	3.708269
4122	-3448.733	-3703.836	255.1032	1.047911	2.043764	4.232507
4128	-3441.616	-3696.752	255.1358	0.9980222	1.807454	4.323211
4134	-3444.308	-3697.618	253.3101	0.9270434	6.834185	4.4072
4140	-3449.19	-3704.801	255.6109	0.976316	1.725201	4.096131
4146	-3448.827	-3700.451	251.6233	0.8354403	10.77585	5.01055
4152	-3448.435	-3701.07	252.6355	0.8801297	14.51998	4.143824
4158	-3442.291	-3694.781	252.4898	1.052279	23.81982	3.637011
4164	-3444.46	-3698.079	253.6193	1.062782	9.587658	3.860788
4170	-3448.934	-3703.057	254.1228	1.080023	9.587658	3.559865
4176	-3446.195	-3700.513	254.3176	1.028767	9.587658	3.476186
4182	-3431.824	-3687.468	255.6446	1.049095	2.118535	3.898946
4188	-3433.066	-3686.747	253.6814	0.9454917	9.518909	3.898946
4194	-3430.104	-3684.68	254.5757	1.011598	5.00959	3.894156
4200	-3440.751	-3696.541	255.7906	1.011598	1.578561	4.030551
4206	-3424.572	-3681.227	256.6547	1.060934	1.042321	3.75949
4212	-3430.102	-3684.883	254.7808	1.06721	5.092136	3.730895
4218	-3433.114	-3687.413	254.2991	0.9600092	7.745357	3.717499
4224	-3439.774	-3696.649	256.8756	0.9364165	0.2708778	4.351701
4230	-3449.629	-3702.784	253.1545	0.9364165	8.043672	4.351701
4236	-3440.568	-3694.002	253.4337	0.907208	8.043672	4.210178
4242	-3425.78	-3681.313	255.5331	0.9964969	3.692353	3.590578
4248	-3438.481	-3695.604	257.1229	0.975043	1.68248	3.237351
4254	-3445.747	-3702.136	256.3895	1.085919	1.025224	3.907188
4260	-3452.041	-3709.029	256.9882	1.130928	1.27551	3.403454
4266	-3434.789	-3691.54	256.7513	0.9716228	1.27551	3.634397
4272	-3432.956	-3686.841	253.8851	0.9716228	6.53328	4.093754
4278	-3433.348	-3686.269	252.921	0.9011872	12.63048	4.100411
4284	-3439.54	-3693.489	253.9483	1.036259	12.63048	3.429937
4290	-3445.203	-3699.055	253.8518	1.123407	12.70305	3.429937
4296	-3446.969	-3702.966	255.9968	1.151305	2.749344	3.451767
4302	-3433.28	-3690.842	257.5617	1.106743	0.4908385	3.607452
4308	-3430.418	-3686.315	255.8967	0.8528846	0.4908385	4.699066
4314	-3435.025	-3691	255.9749	0.8462822	0.3940538	4.756602
4320	-3438.783	-3693.086	254.3027	0.8536871	0.6113176	5.479211
4326	-3438.633	-3693.283	254.6498	0.7144037	1.380141	4.923332
4332	-3438.782	-3692.657	253.8747	0.7737241	1.075772	5.464021
4338	-3442.625	-3698.63	256.0049	0.9213655	1.075772	4.192697
4344	-3449.201	-3705.252	256.051	0.8646622	1.0537	4.210643
4350	-3442.75	-3697.29	254.5405	0.9312394	3.628812	4.210643
4356	-3442.5	-3696.308	253.8084	0.9573928	5.181113	4.334822
4362	-3433.803	-3688.931	255.1286	0.8253928	1.556193	4.519934
4368	-3443.719	-3698.839	255.1194	0.8484463	2.060858	4.330684
4374	-3437.981	-3693.555	255.5739	0.8399516	0.7253399	4.696607
4380	-3434.49	-3689.476	254.9868	0.8855551	0.9595019	4.849836
4386	-3427.956	-3683.402	255.4465	0.8626072	1.034481	4.563477
4392	-3435.135	-3688.954	253.8196	0.935947	6.039165	4.216478
4398	-3425.202	-3680.175	254.9726	0.8786097	3.222391	4.083227
4404	-3430.188	-3683.841	253.6532	0.9274358	4.623188	4.528871
4410	-3437.23	-3689.037	251.807	0.8736286	13.94998	4.652519
4416	-3425.128	-3679.264	254.1361	0.8736286	2.828051	4.652519
4422	-3434.861	-3688.611	253.7502	0.8991701	2.828051	4.853842
4428	-3441.886	-3695.647	253.7608	0.9169661	4.102978	4.566048
4434	-3443.257	-3697.455	254.1979	0.8694354	3.051621	4.566048
4440	-3454.496	-3707.95	253.4533	0.9076298	6.606068	4.365636
4446	-3438.5	-3693.108	254.6085	0.8821016	2.187292	4.559701
4452	-3437.497	-3691.816	254.3183	0.8351308	2.877142	4.559701
4458	-3433.237	-3686.943	253.7055	0.8949971	5.292396	4.411182
4464	-3446.681	-3703.203	256.5217	0.8501086	0.4283352	4.411182
4470	-3445.054	-3701.901	256.8465	0.8671844	0.5996733	4.058953
4476	-3446.943	-3705.18	258.237	1.063308	0.3755092	3.361881
4482	-3458.886	-3716.155	257.2694	1.062499	0.8499382	3.518761
4488	-3455.249	-3709.929	254.6803	1.000263	3.867154	4.043728
4494	-3450.064	-3703.808	253.7435	0.903653	6.680296	4.194297
4500	-3455.588	-3709.209	253.6203	0.903653	3.937873	4.683279
4506	-3447.639	-3703.047	255.4082	0.894805	2.329609	4.057201
4512	-3444.313	-3698.243	253.9302	0.8736098	4.249455	4.468395
4518	-3441.182	-3695.123	253.941	0.7894566	4.639888	4.441721
4524	-3440.107	-3697.499	257.3915	0.9880721	0.4565079	3.808494
4530	-3433.486	-3688.855	255.3695	0.9769368	2.792481	3.904472
4536	-3433.682	-3686.828	253.1465	0.9455787	7.644464	4.39458
4542	-3432.022	-3684.78	252.7581	0.9152142	7.644464	4.630059
4548	-3440.501	-3694.824	254.3226	0.7946028	2.786119	4.602786
4554	-3438.362	-3691.401	253.0391	0.9783996	9.879566	4.213254
4560	-3434.38	-3689.657	255.2768	1.063992	3.174901	3.81386
4566	-3438.878	-3694.75	255.8724	1.062038	0.7643056	4.376836
4572	-3439.729	-3692.676	252.9474	1.089111	13.18249	3.93798
4578	-3439.619	-3692.208	252.5891	1.089111	12.58763	4.185434
4584	-3441.778	-3696.989	255.2106	0.8742858	1.09136	4.658759
4590	-3438.889	-3690.47	251.5809	0.9578193	13.21384	4.782023
4596	-3438.474	-3690.155	251.6808	0.8578593	13.21384	4.782023
4602	-3445.857	-3699.462	253.6052	0.9588571	8.751319	4.009614
4608	-3447.178	-3702.74	255.5616	0.9588571	2.233995	3.961881
4614	-3445.844	-3702.46	256.6165	1.158829	2.233995	3.232719
4620	-3439.332	-3696.208	256.876	1.085701	1.326325	3.471208
4626	-3432.702	-3688.603	255.9008	1.082118	1.939513	3.792408
4632	-3425.67	-3681.548	255.8779	1.094594	1.956884	3.792408
4638	-3437.183	-3688.623	251.4399	0.8821308	23.36281	4.354423
4644	-3452.518	-3704.215	251.6968	0.9033427	23.36281	4.196912
4650	-3441.95	-3697.395	255.4451	1.089418	2.235199	3.953464
4656	-3435.549	-3690.996	255.4473	1.094997	4.756767	3.382343
4662	-3429.927	-3684.592	254.6656	1.094997	8.224817	3.372427
4668	-3427.129	-3678.49	251.3616	0.9927336	23.12053	4.346666
4674	-3420.774	-3676.44	255.6656	0.9667846	1.995395	3.97452
4680	-3421.496	-3675.658	254.1617	0.8429989	6.422492	4.02364
4686	-3425.212	-3680.226	255.0144	0.7689549	1.01228	4.869719
4692	-3426.521	-3680.33	253.8088	0.7737021	4.852062	4.490049
4698	-3425.741	-3679.604	253.8627	0.8522382	1.915304	5.079853
4704	-3436.086	-3689.934	253.8478	0.9074362	2.151153	4.98159
4710	-3442.816	-3695.359	252.5437	1.039098	16.05869	4.009032
4716	-3449.898	-3705.556	255.6582	1.020735	1.791332	4.019358
4722	-3449.753	-3704.351	254.5988	1.020735	5.283662	3.832493
4728	-3444.016	-3700.79	256.7746	1.032714	0.7612191	3.882343
4734	-3439.02	-3695.369	256.3497	1.027418	1.177379	3.882343
4740	-3443.973	-3696.172	252.1994	1.027418	20.33	3.980142
4746	-3444.23	-3698.173	253.9431	0.9598013	7.701952	3.927333
4752	-3449.838	-3706.328	256.4902	0.986892	0.8154158	4.034325
4758	-3445.602	-3698.269	252.6669	0.986892	11.12394	4.312565
4764	-3440.108	-3695.704	255.5952	1.001911	1.205564	4.312565
4770	-3445.825	-3697.795	251.9698	1.031954	18.13363	4.221543
4776	-3439.746	-3693.848	254.1015	1.108631	6.527812	3.89246
4782	-3443.03	-3696.901	253.8708	0.9354777	4.410826	4.438296
4788	-3434.679	-3687.632	252.9537	0.9542449	17.78735	3.722072
4794	-3436.943	-3693.273	256.3301	0.9542449	0.8105098	4.147332
4800	-3432.961	-3686.28	253.3196	1.001474	8.329723	4.191187
4806	-3431.237	-3686.564	255.3266	1.010001	3.35826	3.774376
4812	-3437.468	-3686.834	249.3663	0.9890527	41.57365	4.856369
4818	-3423.994	-3681.206	257.2112	1.101952	0.833708	3.540389
4824	-3435.495	-3691.017	255.5219	1.251696	6.00269	3.049931
4830	-3436.95	-3693.247	256.2978	1.090008	2.150317	3.48722
4836	-3431.279	-3686.536	255.2573	1.090008	3.387851	3.761647
4842	-3432.656	-3687.693	255.037	1.002966	2.558698	4.141645
4848	-3426.442	-3679.702	253.2607	0.945685	11.07412	4.002572
4854	-3430.809	-3685.216	254.4076	0.9246441	2.22427	4.637296
4860	-3427.439	-3681.383	253.9436	0.8985946	4.709247	4.367132
4866	-3424.659	-3679.77	255.1104	1.046983	3.221358	3.908445
4872	-3427.051	-3679.689	252.6379	1.036326	14.47464	4.056501
4878	-3429.075	-3683.221	254.146	0.9940823	5.295146	4.105029
4884	-3431.107	-3684.341	253.2337	0.9811072	4.223885	4.803115
4890	-3435.026	-3687.873	252.8472	1.043489	8.540638	4.412992
4896	-3436.134	-3690.927	254.7931	1.005747	4.010153	3.94824
4902	-3437.718	-3691.795	254.0772	0.95451	7.787878	3.843791
4908	-3426.893	-3681.728	254.8354	0.9283103	2.265017	4.382383
4914	-3418.265	-3671.627	253.3624	0.8814289	7.394239	4.337192
4920	-3430.366	-3686.429	256.0624	1.093278	1.593835	3.821866
4926	-3431.479	-3687.492	256.0132	1.079876	3.158549	3.380802
4932	-3431.674	-3685.32	253.6455	1.147739	18.20714	3.180737
4938	-3433.23	-3689.13	255.8999	1.076702	2.76264	3.548293
4944	-3434.516	-3688.608	254.0921	1.051464	6.628419	3.917721
4950	-3420.795	-3674.471	253.675	1.023663	7.688433	4.045575
4956	-3427.916	-3681.936	254.0204	0.9726663	5.969526	4.091034
4962	-3429.271	-3683.043	253.7721	0.9726663	6.570074	4.152722
4968	-3443.259	-3694.489	251.2291	0.8958893	15.58481	4.859437
4974	-3444.859	-3698.812	253.9522	0.8958893	4.124649	4.466252
4980	-3431.472	-3684.293	252.8217	0.9518746	5.896459	4.788378
4986	-3432.763	-3686.371	253.6079	1.065222	5.896459	4.282818
4992	-3434.215	-3688.786	254.5713	0.9862744	5.896459	3.777818
4998	-3444.013	-3695.302	251.2888	0.9089484	27.39247	4.261978
5004	-3442.027	-3696.822	254.795	0.9664769	3.11247	4.15968
5010	-3444.067	-3698.127	254.0607	0.9739432	8.341735	3.781932
5016	-3445.744	-3701.202	255.4589	1.02684	2.896761	3.797875
5022	-3441.442	-3695.314	253.8726	0.8412332	2.559192	4.887357
5028	-3449.935	-3704.945	255.0092	0.8760875	1.323803	4.657406
5034	-3443.955	-3697.227	253.2723	0.7841841	8.567473	4.316648
5040	-3442.337	-3694.495	252.1581	0.7683781	8.567473	4.950096
5046	-3436.246	-3688.607	252.3613	0.8198482	7.397526	4.932483
5052	-3443.038	-3699.867	256.8288	0.8063577	0.1176601	4.717889
5058	-3444.641	-3698.488	253.847	0.7675114	3.113171	4.805191
5064	-3455.732	-3706.509	250.7772	0.7320822	11.78116	5.456246
5070	-3450.715	-3704.311	253.5959	0.7456015	3.185442	4.940851
5076	-3440.857	-3693.276	252.4192	0.924114	7.408425	4.840931
5082	-3434.272	-3688.09	253.8185	0.9176429	3.677759	4.615512
5088	-3443.886	-3698.322	254.436	1.0033	3.044163	4.358307
5094	-3449.963	-3703.013	253.0504	1.011612	13.6087	3.893273
5100	-3439.566	-3694.01	254.4439	0.9635289	6.209677	3.821071
5106	-3435.894	-3689.979	254.0848	0.9643814	4.494702	4.286519
5112	-3439.97	-3695.456	255.4857	0.8353128	0.7320962	4.743754
5118	-3445.431	-3699.694	254.2629	0.9190327	0.7809156	5.342737
5124	-3440.724	-3695.988	255.2639	0.8857453	3.215366	3.914245
5130	-3436.027	-3692.183	256.1556	0.8950054	1.148057	4.083999
5136	-3436.334	-3692.187	255.8534	0.9570928	1.43908	4.083999
5142	-3440.501	-3694.755	254.2539	0.8998817	4.673075	4.196766
5148	-3450.196	-3703.445	253.2489	0.8649162	5.07457	4.717761
5154	-3451.486	-3707.691	256.2045	0.9126515	0.9489498	4.155714
5160	-3437.298	-3691.435	254.1371	0.8448174	5.558554	4.155714
5166	-3448.527	-3701.307	252.7804	0.9361922	9.88279	4.383201
5172	-3441.66	-3696.338	254.6774	0.9361922	3.358526	4.187784
5178	-3445.534	-3699.59	254.0562	0.9361922	6.458006	4.026051
5184	-3441.181	-3698.706	257.5248	1.059175	0.1981059	4.026051
5190	-3453.097	-3707.405	254.3077	1.018964	4.361879	4.152491
5196	-3442.611	-3699.947	257.3356	0.9372029	0.1884064	4.219966
5202	-3448.266	-3703.811	255.5453	0.8804096	0.1884064	5.252998
5208	-3440.11	-3694.611	254.5008	0.9141247	4.202132	4.131208
5214	-3442.205	-3697.307	255.1025	0.9354097	2.601303	4.131208
5220	-3440.388	-3695.316	254.9285	0.9354097	3.472522	4.020419
5226	-3438.137	-3692.506	254.369	1.029494	5.86206	3.874215
5232	-3421.861	-3676.231	254.3701	1.059692	8.389274	3.548079
5238	-3421.507	-3676.235	254.7273	0.958071	2.38739	4.390625
5244	-3423.771	-3678.706	254.935	1.095684	3.33748	3.954725
5250	-3439.884	-3696.293	256.4089	1.036338	0.972535	3.954725
5256	-3445.463	-3701.598	256.1355	1.002534	1.705558	3.788168
5262	-3435.883	-3692.413	256.5303	1.002534	0.6211028	4.1444
5268	-3443.996	-3701.928	257.9321	1.101516	0.560757	3.328796
5274	-3433.578	-3688.627	255.0485	1.101516	5.107154	3.553467
5280	-3435.743	-3691.181	255.4379	1.103235	5.107154	3.324597
5286	-3438.031	-3692.994	254.963	1.058282	5.107154	3.628226
5292	-3437.293	-3693.326	256.0332	0.840105	1.297188	4.111959
5298	-3433.768	-3687.528	253.7592	0.7949221	6.45254	4.275939
5304	-3427.399	-3684.102	256.7026	0.8879501	0.3065632	4.428573
5310	-3423.847	-3678.029	254.182	0.9713899	7.911735	3.759979
5316	-3430.704	-3684.577	253.8724	1.045853	7.911735	3.895206
5322	-3431.261	-3687.935	256.6739	0.851795	0.5616597	4.198111
5328	-3439.87	-3696.856	256.9857	0.9624127	0.2680977	4.278636
5334	-3434.017	-3689.711	255.694	0.9392226	2.22455	3.900142
5340	-3431.239	-3686.389	255.1503	0.8550181	1.632323	4.461006
5346	-3430.53	-3685.645	255.1148	1.001313	3.54401	3.860698
5352	-3439.988	-3696.669	256.6813	1.019982	1.34474	3.61424
5358	-3441.833	-3698.694	256.8607	1.019982	1.34474	3.509868
5364	-3431.782	-3686.539	254.7569	1.019982	4.275843	3.91102
5370	-3432.985	-3688.513	255.5279	1.042319	3.251846	3.663595
5376	-3430.829	-3687.227	256.3977	0.9569242	1.704264	3.663595
5382	-3430.706	-3686.856	256.1507	1.051534	1.874432	3.688722
5388	-3430.035	-3683.187	253.1523	0.9194518	10.09626	4.16305
5394	-3420.935	-3675.195	254.2603	0.8955685	3.030308	4.521337
5400	-3424.566	-3677.897	253.3312	0.8792439	5.361118	4.620164
5406	-3424.354	-3680.372	256.0182	0.8792439	0.6558397	4.476523
5412	-3424.301	-3679.889	255.5883	0.9827959	4.647365	3.384377
5418	-3427.954	-3682.646	254.6919	0.9734279	4.248891	3.979816
5424	-3431.615	-3686.877	255.2619	0.9692839	3.383476	3.829451
5430	-3425.953	-3682.573	256.6203	0.989043	0.9901678	3.850371
5436	-3431.44	-3685.395	253.9546	0.919816	5.259182	4.261365
5442	-3430.007	-3685.37	255.3626	0.8167497	0.4083928	5.098436
5448	-3434.169	-3689.412	255.2428	0.8191597	0.7808323	4.854892
5454	-3434.147	-3689.466	255.3189	0.8741968	0.6771115	4.854892
5460	-3426.029	-3680.245	254.2164	0.8776723	2.573991	4.67109
5466	-3428.966	-3683.252	254.2856	0.7744224	1.02212	5.265612
5472	-3427.59	-3682.454	254.8637	0.8890188	1.907522	4.503067
5478	-3430.633	-3682.743	252.1094	1.028116	19.64078	4.065581
5484	-3427.157	-3683.25	256.0932	0.9148433	0.7472352	4.347136
5490	-3431.372	-3687.412	256.0406	0.9148433	1.109557	4.158156
5496	-3427.645	-3682.707	255.0622	0.907913	1.549882	4.513353
5502	-3438.379	-3690.043	251.6635	0.7843877	15.80874	4.665577
5508	-3443.747	-3697.345	253.5984	0.8529073	6.136932	4.375472
5514	-3442.514	-3695.611	253.0967	0.8876681	3.303683	5.112954
5520	-3439.725	-3693.646	253.9212	0.877165	3.679727	4.5802
5526	-3431.38	-3688.675	257.2946	1.024713	0.3800942	3.925256
5532	-3440.214	-3694.008	253.7939	1.125341	17.69349	3.135144
5538	-3440.096	-3694.358	254.2627	1.164338	7.74487	3.620371
5544	-3450.297	-3702.934	252.6374	1.198641	36.79676	2.990548
5550	-3439.098	-3694.998	255.899	1.118878	6.327737	2.856667
5556	-3444.512	-3702.689	258.1769	1.21253	0.9026131	2.856667
5562	-3440.758	-3697.161	256.4032	1.21253	3.507875	2.989785
5568	-3436.632	-3695.01	258.3779	1.19159	0.3833834	3.193764
5574	-3435.385	-3691.361	255.9763	1.221805	5.590095	2.856044
5580	-3436.387	-3692.694	256.3068	1.157137	3.099493	3.176305
5586	-3449.745	-3707.132	257.3875	1.158914	0.4641421	3.704519
5592	-3444.564	-3698.722	254.1581	0.9816861	5.253473	4.111591
5598	-3450.661	-3704.101	253.4399	0.8980385	9.023438	4.111591
5604	-3451.548	-3706.122	254.5742	0.9668964	5.971372	3.776832
5610	-3445.908	-3702.674	256.7664	1.202098	2.248469	3.113454
5616	-3432.31	-3691.015	258.705	1.102999	0.1676957	3.373527
5622	-3447.984	-3703.214	255.2301	1.065411	6.520701	3.262241
5628	-3453.119	-3706.843	253.7236	1.195579	15.60035	3.262241
5634	-3439.238	-3695.438	256.1999	1.195579	4.148406	2.987634
5640	-3437.664	-3695.489	257.8249	1.274851	1.205324	2.855104
5646	-3443.11	-3701.11	257.9999	1.207482	1.205324	2.78975
5652	-3439.917	-3698.102	258.1847	1.208594	0.9640949	2.815064
5658	-3442.693	-3699.606	256.9136	1.117889	1.933065	3.182378
5664	-3447.248	-3700.685	253.4371	1.134207	22.9913	3.069179
5670	-3448.676	-3705.77	257.0943	1.186727	1.359497	3.268177
5676	-3454.569	-3712.378	257.8088	1.146435	0.688878	3.268177
5682	-3447.598	-3701.308	253.7101	1.095455	13.69062	3.457134
5688	-3440.431	-3697.024	256.5931	1.095455	2.642135	3.16263
5694	-3450.277	-3707.269	256.992	1.297721	3.32733	2.621611
5700	-3451.177	-3707.45	256.2731	1.185088	3.226967	3.148881
5706	-3453.767	-3707.548	253.7808	1.024505	6.419568	4.137656
5712	-3445.492	-3701.113	255.6212	0.9226453	0.5459111	4.764429
5718	-3448.834	-3703.789	254.9558	0.9592972	0.5459111	5.11422
5724	-3458.254	-3709.47	251.2157	0.9592972	13.52143	4.963519
5730	-3441.945	-3694.379	252.4344	1.09626	12.70558	4.260462
5736	-3445.59	-3699.91	254.3203	0.9716426	2.438385	4.597469
5742	-3446.785	-3697.697	250.9118	0.9866176	26.65117	4.459316
5748	-3432.655	-3687.604	254.9494	0.9232408	1.596403	4.549677
5754	-3427.144	-3682.726	255.5817	0.9232408	1.452387	4.251929
5760	-3442.406	-3696.016	253.6102	0.9006277	6.355573	4.312992
5766	-3449.672	-3705.47	255.7984	0.8902479	1.278113	4.225822
5772	-3437.557	-3695.915	258.3584	0.9467304	0.1984162	3.610561
5778	-3443.173	-3698.509	255.3363	1.008969	4.433002	3.554303
5784	-3440.677	-3694.559	253.8818	0.8873956	3.505614	4.632408
5790	-3427.742	-3682.368	254.6263	0.8873956	3.505614	4.21268
5796	-3432.639	-3687.226	254.5874	0.8543332	2.29045	4.556085
5802	-3429.136	-3683.493	254.3566	0.8056523	2.29045	4.712701
5808	-3445.8	-3698.322	252.5227	0.8641321	6.625697	4.909161
5814	-3434.939	-3691.78	256.8406	0.9198507	0.4104588	4.210226
5820	-3424.596	-3679.759	255.1634	0.9690814	2.475283	4.112206
5826	-3427.853	-3681.924	254.0704	0.9456152	11.7284	3.481939
5832	-3426.373	-3682.91	256.5371	0.9456152	0.4446771	4.331809
5838	-3435.258	-3688.168	252.9099	0.9456152	11.34377	4.180464
5844	-3439.243	-3694.389	255.146	0.981578	3.857774	3.789342
5850	-3440.816	-3695.604	254.7882	0.9855217	3.530474	4.059477
5856	-3458.202	-3711.495	253.2938	0.8149834	5.731388	4.623729
5862	-3446.438	-3701.482	255.044	1.031811	3.190877	3.962186
5868	-3444.28	-3697.624	253.3438	0.9421591	10.5221	4.003728
5874	-3441.954	-3697.791	255.8368	0.8140102	0.3097493	4.950496
5880	-3446.304	-3702.341	256.0369	0.8232082	0.5330206	4.598689
5886	-3438.728	-3692.589	253.8603	0.9058453	3.930513	4.548878
5892	-3437.587	-3692.971	255.384	0.9904796	2.471322	3.975282
5898	-3456.461	-3709.436	252.9757	0.9137586	7.04273	4.577706
5904	-3437.466	-3690.727	253.2612	0.9149731	6.790382	4.446969
5910	-3441.104	-3695.107	254.003	1.008644	3.745788	4.446969
5916	-3442.738	-3696.005	253.2674	1.008644	9.959401	4.058981
5922	-3434.784	-3690.653	255.8689	0.9826248	1.572935	4.004651
5928	-3428.359	-3683.375	255.0163	0.922654	4.351622	3.80414
5934	-3429.545	-3682.675	253.1301	0.9534826	9.922859	4.171803
5940	-3430.578	-3687.867	257.2891	1.086074	1.145922	3.318952
5946	-3433.806	-3690.315	256.5091	0.9414952	0.8512117	4.026032
5952	-3439.352	-3691.426	252.0736	1.032788	20.80038	4.026032
5958	-3420.857	-3678.882	258.0254	1.021721	0.1732895	3.804984
5964	-3433.828	-3687.108	253.2804	1.004892	6.214016	4.458823
5970	-3428.838	-3683.94	255.1022	0.9712694	3.374635	3.921936
5976	-3429.143	-3686.002	256.8589	1.096194	1.517027	3.389551
5982	-3444.846	-3698.912	254.0666	1.124007	11.78707	3.374997
5988	-3439.07	-3693.084	254.0136	1.063875	7.272487	3.876668
5994	-3439.476	-3695.14	255.6637	0.9618837	3.369384	3.604734
6000	-3438.437	-3692.432	253.9956	1.039613	5.329404	4.159484
6006	-3432.196	-3685.692	253.4954	0.8748992	6.686591	4.350265
6012	-3431.653	-3685.041	253.3883	0.981961	6.686591	4.350265
6018	-3430.162	-3685.852	255.6897	1.035874	2.051314	3.902518
6024	-3435.849	-3688.79	252.9406	0.930749	15.11192	3.902518
6030	-3443.301	-3699.348	256.0474	0.8676143	1.833346	3.868946
6036	-3439.651	-3690.591	250.9401	0.8887598	21.04763	4.73556
6042	-3445.519	-3698.24	252.7209	0.9619135	15.26378	4.000853
6048	-3455.456	-3707.369	251.9122	0.8645871	10.15326	4.886134
6054	-3455.816	-3708.985	253.1687	0.9362734	8.881019	4.257864
6060	-3454.97	-3707.236	252.2656	0.8894192	12.53732	4.484865
6066	-3450.86	-3703.539	252.6792	0.9656516	10.55077	4.365352
6072	-3448.588	-3702.559	253.9709	0.8496845	3.214727	4.666837
6078	-3442.037	-3696.704	254.6669	0.8783709	2.25786	4.5076
6084	-3439.47	-3694.941	255.471	0.9809389	2.766679	3.850626
6090	-3439.062	-3691.694	252.6318	0.9538798	12.76317	4.225066
6096	-3450.337	-3704.983	254.6451	0.9431431	7.080976	3.604836
6102	-3439.434	-3694.268	254.8339	0.9770427	6.707508	3.522052
6108	-3445.636	-3697.052	251.4157	0.9129649	21.60943	4.428917
6114	-3439.942	-3692.733	252.7917	0.9164981	10.47601	4.33592
6120	-3441.57	-3696.643	255.0733	0.9002078	2.034911	4.33592
6126	-3428.35	-3682.425	254.075	0.9947226	5.974042	4.04672
6132	-3437.738	-3692.534	254.7959	1.055621	5.974042	3.596895
6138	-3431.211	-3686.835	255.6247	1.074112	3.50403	3.532373
6144	-3427.13	-3683.77	256.6402	1.05651	1.158379	3.708012
6150	-3434.083	-3690.863	256.7796	1.071072	1.459169	3.475734
6156	-3450.733	-3707.973	257.24	1.126574	1.459169	3.172064
6162	-3442.34	-3697.049	254.7087	1.119301	9.048555	3.246207
6168	-3444.672	-3700.181	255.5097	0.8771042	2.020467	4.106285
6174	-3429.29	-3684.75	255.4597	0.9020427	0.6989155	4.744717
6180	-3433.196	-3689.235	256.0384	1.077757	1.172059	4.03437
6186	-3431.583	-3688.214	256.6308	1.077757	0.7342897	3.958067
6192	-3427.823	-3681.874	254.0504	0.9320455	5.146543	4.217466
6198	-3429.667	-3684.733	255.066	1.015005	3.676656	3.852968
6204	-3423.937	-3678.024	254.0876	0.9000191	3.676656	4.474403
6210	-3432.259	-3686.715	254.4563	0.960409	6.360841	3.795536
6216	-3430.421	-3686.322	255.9012	0.874762	1.164586	4.231673
6222	-3433.17	-3690.006	256.836	0.9159623	0.4695386	4.154391
6228	-3442.188	-3696.959	254.7714	1.020204	6.077869	3.61719
6234	-3450.077	-3704.521	254.4434	1.020204	3.11957	4.326872
6240	-3441.179	-3698.038	256.8589	0.9529883	0.7266702	3.904394
6246	-3441.495	-3694.58	253.0857	0.8754712	6.04575	4.663266
6252	-3446.909	-3699.604	252.6954	0.8815383	9.008034	4.543332
6258	-3449.493	-3702.646	253.1531	0.8815383	7.039619	4.496515
6264	-3451.48	-3704.929	253.4497	0.821305	3.215326	4.973346
6270	-3440.01	-3692.952	252.9414	0.854234	8.447129	4.476054
6276	-3437.179	-3690.089	252.9096	0.8349138	12.68844	4.140352
6282	-3438.785	-3693.412	254.6265	0.8411979	5.85823	3.834989
6288	-3444.362	-3700.615	256.2522	0.994667	0.4555657	4.453926
6294	-3442.669	-3694.93	252.2605	0.8755011	8.231526	4.867571
6300	-3440.815	-3695.315	254.5	0.7512607	0.8380404	5.267559
6306	-3440.402	-3693.737	253.3345	0.8236021	6.462107	4.498203
6312	-3437.615	-3694.139	256.5245	0.9749229	2.208194	3.403363
6318	-3450.404	-3703.871	253.4661	1.064492	17.77668	3.36012
6324	-3450.262	-3704.988	254.7251	1.064492	8.181701	3.36012
6330	-3444.564	-3701.588	257.0243	1.198651	1.460889	3.256306
6336	-3444.887	-3701.27	256.383	0.947035	1.460889	3.776922
6342	-3449.387	-3700.758	251.371	0.9067955	18.87812	4.590617
6348	-3432.377	-3687.748	255.3715	0.9314079	2.836942	3.918046
6354	-3431.56	-3687.12	255.5598	0.9727655	2.836942	3.786093
6360	-3441.61	-3694.541	252.9315	1.161381	28.26365	3.13169
